{"/home/travis/build/npmtest/node-npmtest-xml-stream/test.js":{"path":"/home/travis/build/npmtest/node-npmtest-xml-stream/test.js","s":{"1":2,"2":2,"3":2,"4":2,"5":2,"6":2,"7":2,"8":1,"9":2,"10":2,"11":1,"12":1,"13":1,"14":1,"15":2,"16":2,"17":2,"18":2,"19":1,"20":1,"21":2,"22":2,"23":2,"24":1,"25":1,"26":1,"27":1,"28":1,"29":1,"30":1,"31":1,"32":1,"33":1,"34":1,"35":1,"36":1,"37":1,"38":1,"39":2,"40":2,"41":1,"42":2,"43":2,"44":1,"45":2,"46":2,"47":1,"48":2,"49":2,"50":1,"51":1,"52":1,"53":1,"54":1},"b":{"1":[2,1,1,1],"2":[1,1,1,1],"3":[1,1],"4":[1,1],"5":[1,1],"6":[1,1],"7":[1,1],"8":[1,1],"9":[1,1],"10":[1,1,1],"11":[1,1],"12":[1,1],"13":[1,1],"14":[1,1],"15":[1,1],"16":[1,1],"17":[1,1]},"f":{"1":2,"2":2,"3":2,"4":2,"5":2,"6":1,"7":1,"8":1,"9":2,"10":2,"11":2,"12":2,"13":1},"fnMap":{"1":{"name":"(anonymous_1)","line":12,"loc":{"start":{"line":12,"column":1},"end":{"line":12,"column":13}}},"2":{"name":"(anonymous_2)","line":19,"loc":{"start":{"line":19,"column":5},"end":{"line":19,"column":17}}},"3":{"name":"(anonymous_3)","line":23,"loc":{"start":{"line":23,"column":24},"end":{"line":23,"column":36}}},"4":{"name":"(anonymous_4)","line":61,"loc":{"start":{"line":61,"column":5},"end":{"line":61,"column":17}}},"5":{"name":"(anonymous_5)","line":82,"loc":{"start":{"line":82,"column":5},"end":{"line":82,"column":17}}},"6":{"name":"(anonymous_6)","line":91,"loc":{"start":{"line":91,"column":77},"end":{"line":94,"column":10}}},"7":{"name":"(anonymous_7)","line":112,"loc":{"start":{"line":112,"column":83},"end":{"line":115,"column":10}},"skip":true},"8":{"name":"(anonymous_8)","line":123,"loc":{"start":{"line":123,"column":77},"end":{"line":126,"column":10}},"skip":true},"9":{"name":"(anonymous_9)","line":139,"loc":{"start":{"line":139,"column":12},"end":{"line":139,"column":40}},"skip":true},"10":{"name":"(anonymous_10)","line":147,"loc":{"start":{"line":147,"column":77},"end":{"line":150,"column":10}},"skip":true},"11":{"name":"(anonymous_11)","line":158,"loc":{"start":{"line":158,"column":83},"end":{"line":161,"column":10}},"skip":true},"12":{"name":"(anonymous_12)","line":169,"loc":{"start":{"line":169,"column":79},"end":{"line":172,"column":10}},"skip":true},"13":{"name":"(anonymous_13)","line":180,"loc":{"start":{"line":180,"column":75},"end":{"line":183,"column":10}},"skip":true}},"statementMap":{"1":{"start":{"line":12,"column":0},"end":{"line":195,"column":5}},"2":{"start":{"line":14,"column":4},"end":{"line":14,"column":14}},"3":{"start":{"line":19,"column":4},"end":{"line":56,"column":9}},"4":{"start":{"line":21,"column":8},"end":{"line":21,"column":19}},"5":{"start":{"line":23,"column":8},"end":{"line":35,"column":13}},"6":{"start":{"line":24,"column":12},"end":{"line":34,"column":13}},"7":{"start":{"line":25,"column":16},"end":{"line":28,"column":30}},"8":{"start":{"line":30,"column":16},"end":{"line":33,"column":27}},"9":{"start":{"line":37,"column":8},"end":{"line":39,"column":21}},"10":{"start":{"line":40,"column":8},"end":{"line":53,"column":9}},"11":{"start":{"line":43,"column":12},"end":{"line":46,"column":14}},"12":{"start":{"line":47,"column":12},"end":{"line":47,"column":18}},"13":{"start":{"line":50,"column":12},"end":{"line":51,"column":33}},"14":{"start":{"line":52,"column":12},"end":{"line":52,"column":18}},"15":{"start":{"line":55,"column":8},"end":{"line":55,"column":35}},"16":{"start":{"line":61,"column":4},"end":{"line":63,"column":9}},"17":{"start":{"line":62,"column":8},"end":{"line":62,"column":15}},"18":{"start":{"line":64,"column":4},"end":{"line":77,"column":5}},"19":{"start":{"line":70,"column":8},"end":{"line":70,"column":14}},"20":{"start":{"line":76,"column":8},"end":{"line":76,"column":14}},"21":{"start":{"line":82,"column":4},"end":{"line":84,"column":9}},"22":{"start":{"line":83,"column":8},"end":{"line":83,"column":15}},"23":{"start":{"line":85,"column":4},"end":{"line":194,"column":5}},"24":{"start":{"line":91,"column":8},"end":{"line":99,"column":10}},"25":{"start":{"line":98,"column":12},"end":{"line":98,"column":35}},"26":{"start":{"line":102,"column":8},"end":{"line":104,"column":63}},"27":{"start":{"line":105,"column":8},"end":{"line":105,"column":14}},"28":{"start":{"line":112,"column":8},"end":{"line":121,"column":10},"skip":true},"29":{"start":{"line":119,"column":12},"end":{"line":119,"column":55},"skip":true},"30":{"start":{"line":120,"column":12},"end":{"line":120,"column":48},"skip":true},"31":{"start":{"line":123,"column":8},"end":{"line":136,"column":10},"skip":true},"32":{"start":{"line":130,"column":12},"end":{"line":130,"column":76},"skip":true},"33":{"start":{"line":131,"column":12},"end":{"line":131,"column":73},"skip":true},"34":{"start":{"line":132,"column":12},"end":{"line":132,"column":74},"skip":true},"35":{"start":{"line":133,"column":12},"end":{"line":133,"column":79},"skip":true},"36":{"start":{"line":134,"column":12},"end":{"line":134,"column":25},"skip":true},"37":{"start":{"line":135,"column":12},"end":{"line":135,"column":45},"skip":true},"38":{"start":{"line":138,"column":8},"end":{"line":145,"column":14},"skip":true},"39":{"start":{"line":143,"column":16},"end":{"line":143,"column":29},"skip":true},"40":{"start":{"line":144,"column":16},"end":{"line":144,"column":55},"skip":true},"41":{"start":{"line":147,"column":8},"end":{"line":156,"column":10},"skip":true},"42":{"start":{"line":154,"column":12},"end":{"line":154,"column":25},"skip":true},"43":{"start":{"line":155,"column":12},"end":{"line":155,"column":45},"skip":true},"44":{"start":{"line":158,"column":8},"end":{"line":167,"column":10},"skip":true},"45":{"start":{"line":165,"column":12},"end":{"line":165,"column":25},"skip":true},"46":{"start":{"line":166,"column":12},"end":{"line":166,"column":48},"skip":true},"47":{"start":{"line":169,"column":8},"end":{"line":178,"column":10},"skip":true},"48":{"start":{"line":176,"column":12},"end":{"line":176,"column":25},"skip":true},"49":{"start":{"line":177,"column":12},"end":{"line":177,"column":46},"skip":true},"50":{"start":{"line":180,"column":8},"end":{"line":189,"column":10},"skip":true},"51":{"start":{"line":187,"column":12},"end":{"line":187,"column":94},"skip":true},"52":{"start":{"line":188,"column":12},"end":{"line":188,"column":48},"skip":true},"53":{"start":{"line":192,"column":8},"end":{"line":192,"column":35},"skip":true},"54":{"start":{"line":193,"column":8},"end":{"line":193,"column":14},"skip":true}},"branchMap":{"1":{"line":25,"type":"binary-expr","locations":[{"start":{"line":25,"column":23},"end":{"line":25,"column":62}},{"start":{"line":26,"column":20},"end":{"line":26,"column":70}},{"start":{"line":27,"column":20},"end":{"line":27,"column":71}},{"start":{"line":28,"column":20},"end":{"line":28,"column":29}}]},"2":{"line":30,"type":"binary-expr","locations":[{"start":{"line":30,"column":23},"end":{"line":30,"column":37}},{"start":{"line":31,"column":20},"end":{"line":31,"column":61}},{"start":{"line":32,"column":20},"end":{"line":32,"column":70}},{"start":{"line":33,"column":20},"end":{"line":33,"column":26}}]},"3":{"line":37,"type":"cond-expr","locations":[{"start":{"line":38,"column":14},"end":{"line":38,"column":20}},{"start":{"line":39,"column":14},"end":{"line":39,"column":20}}]},"4":{"line":40,"type":"switch","locations":[{"start":{"line":42,"column":8},"end":{"line":47,"column":18}},{"start":{"line":49,"column":8},"end":{"line":52,"column":18}}]},"5":{"line":44,"type":"binary-expr","locations":[{"start":{"line":44,"column":16},"end":{"line":44,"column":44}},{"start":{"line":44,"column":48},"end":{"line":44,"column":66}}]},"6":{"line":50,"type":"binary-expr","locations":[{"start":{"line":50,"column":21},"end":{"line":50,"column":49}},{"start":{"line":50,"column":53},"end":{"line":50,"column":72}}]},"7":{"line":64,"type":"switch","locations":[{"start":{"line":69,"column":4},"end":{"line":70,"column":14}},{"start":{"line":75,"column":4},"end":{"line":76,"column":14}}]},"8":{"line":85,"type":"switch","locations":[{"start":{"line":90,"column":4},"end":{"line":105,"column":14}},{"start":{"line":111,"column":4},"end":{"line":193,"column":14},"skip":true}]},"9":{"line":91,"type":"binary-expr","locations":[{"start":{"line":91,"column":42},"end":{"line":91,"column":73}},{"start":{"line":91,"column":77},"end":{"line":99,"column":9}}]},"10":{"line":102,"type":"binary-expr","locations":[{"start":{"line":102,"column":18},"end":{"line":102,"column":32}},{"start":{"line":103,"column":12},"end":{"line":103,"column":53}},{"start":{"line":104,"column":12},"end":{"line":104,"column":61}}]},"11":{"line":112,"type":"binary-expr","locations":[{"start":{"line":112,"column":45},"end":{"line":112,"column":79},"skip":true},{"start":{"line":112,"column":83},"end":{"line":121,"column":9},"skip":true}]},"12":{"line":123,"type":"binary-expr","locations":[{"start":{"line":123,"column":42},"end":{"line":123,"column":73},"skip":true},{"start":{"line":123,"column":77},"end":{"line":136,"column":9},"skip":true}]},"13":{"line":138,"type":"binary-expr","locations":[{"start":{"line":138,"column":48},"end":{"line":138,"column":85},"skip":true},{"start":{"line":139,"column":12},"end":{"line":145,"column":13},"skip":true}]},"14":{"line":147,"type":"binary-expr","locations":[{"start":{"line":147,"column":42},"end":{"line":147,"column":73},"skip":true},{"start":{"line":147,"column":77},"end":{"line":156,"column":9},"skip":true}]},"15":{"line":158,"type":"binary-expr","locations":[{"start":{"line":158,"column":45},"end":{"line":158,"column":79},"skip":true},{"start":{"line":158,"column":83},"end":{"line":167,"column":9},"skip":true}]},"16":{"line":169,"type":"binary-expr","locations":[{"start":{"line":169,"column":43},"end":{"line":169,"column":75},"skip":true},{"start":{"line":169,"column":79},"end":{"line":178,"column":9},"skip":true}]},"17":{"line":180,"type":"binary-expr","locations":[{"start":{"line":180,"column":41},"end":{"line":180,"column":71},"skip":true},{"start":{"line":180,"column":75},"end":{"line":189,"column":9},"skip":true}]}},"code":["/* istanbul instrument in package npmtest_xml_stream */","/*jslint","    bitwise: true,","    browser: true,","    maxerr: 8,","    maxlen: 96,","    node: true,","    nomen: true,","    regexp: true,","    stupid: true","*/","(function () {","    'use strict';","    var local;","","","","    // run shared js-env code - init-before","    (function () {","        // init local","        local = {};","        // init modeJs","        local.modeJs = (function () {","            try {","                return typeof navigator.userAgent === 'string' &&","                    typeof document.querySelector('body') === 'object' &&","                    typeof XMLHttpRequest.prototype.open === 'function' &&","                    'browser';","            } catch (errorCaughtBrowser) {","                return module.exports &&","                    typeof process.versions.node === 'string' &&","                    typeof require('http').createServer === 'function' &&","                    'node';","            }","        }());","        // init global","        local.global = local.modeJs === 'browser'","            ? window","            : global;","        switch (local.modeJs) {","        // re-init local from window.local","        case 'browser':","            local = local.global.utility2.objectSetDefault(","                local.global.utility2_rollup || local.global.local,","                local.global.utility2","            );","            break;","        // re-init local from example.js","        case 'node':","            local = (local.global.utility2_rollup || require('utility2'))","                .requireReadme();","            break;","        }","        // export local","        local.global.local = local;","    }());","","","","    // run shared js-env code - function","    (function () {","        return;","    }());","    switch (local.modeJs) {","","","","    // run browser js-env code - function","    case 'browser':","        break;","","","","    // run node js-env code - function","    case 'node':","        break;","    }","","","","    // run shared js-env code - init-after","    (function () {","        return;","    }());","    switch (local.modeJs) {","","","","    // run browser js-env code - init-after","    case 'browser':","        local.testCase_browser_nullCase = local.testCase_browser_nullCase || function (","            options,","            onError","        ) {","        /*","         * this function will test browsers's null-case handling-behavior-behavior","         */","            onError(null, options);","        };","","        // run tests","        local.nop(local.modeTest &&","            document.querySelector('#testRunButton1') &&","            document.querySelector('#testRunButton1').click());","        break;","","","","    // run node js-env code - init-after","    /* istanbul ignore next */","    case 'node':","        local.testCase_buildApidoc_default = local.testCase_buildApidoc_default || function (","            options,","            onError","        ) {","        /*","         * this function will test buildApidoc's default handling-behavior-behavior","         */","            options = { modulePathList: module.paths };","            local.buildApidoc(options, onError);","        };","","        local.testCase_buildApp_default = local.testCase_buildApp_default || function (","            options,","            onError","        ) {","        /*","         * this function will test buildApp's default handling-behavior-behavior","         */","            local.testCase_buildReadme_default(options, local.onErrorThrow);","            local.testCase_buildLib_default(options, local.onErrorThrow);","            local.testCase_buildTest_default(options, local.onErrorThrow);","            local.testCase_buildCustomOrg_default(options, local.onErrorThrow);","            options = [];","            local.buildApp(options, onError);","        };","","        local.testCase_buildCustomOrg_default = local.testCase_buildCustomOrg_default ||","            function (options, onError) {","            /*","             * this function will test buildCustomOrg's default handling-behavior","             */","                options = {};","                local.buildCustomOrg(options, onError);","            };","","        local.testCase_buildLib_default = local.testCase_buildLib_default || function (","            options,","            onError","        ) {","        /*","         * this function will test buildLib's default handling-behavior","         */","            options = {};","            local.buildLib(options, onError);","        };","","        local.testCase_buildReadme_default = local.testCase_buildReadme_default || function (","            options,","            onError","        ) {","        /*","         * this function will test buildReadme's default handling-behavior-behavior","         */","            options = {};","            local.buildReadme(options, onError);","        };","","        local.testCase_buildTest_default = local.testCase_buildTest_default || function (","            options,","            onError","        ) {","        /*","         * this function will test buildTest's default handling-behavior","         */","            options = {};","            local.buildTest(options, onError);","        };","","        local.testCase_webpage_default = local.testCase_webpage_default || function (","            options,","            onError","        ) {","        /*","         * this function will test webpage's default handling-behavior","         */","            options = { modeCoverageMerge: true, url: local.serverLocalHost + '?modeTest=1' };","            local.browserTest(options, onError);","        };","","        // run test-server","        local.testRunServer(local);","        break;","    }","}());",""],"l":{"12":2,"14":2,"19":2,"21":2,"23":2,"24":2,"25":2,"30":1,"37":2,"40":2,"43":1,"47":1,"50":1,"52":1,"55":2,"61":2,"62":2,"64":2,"70":1,"76":1,"82":2,"83":2,"85":2,"91":1,"98":1,"102":1,"105":1,"112":1,"119":1,"120":1,"123":1,"130":1,"131":1,"132":1,"133":1,"134":1,"135":1,"138":1,"143":2,"144":2,"147":1,"154":2,"155":2,"158":1,"165":2,"166":2,"169":1,"176":2,"177":2,"180":1,"187":1,"188":1,"192":1,"193":1}},"/home/travis/build/npmtest/node-npmtest-xml-stream/lib.npmtest_xml_stream.js":{"path":"/home/travis/build/npmtest/node-npmtest-xml-stream/lib.npmtest_xml_stream.js","s":{"1":2,"2":2,"3":2,"4":2,"5":2,"6":2,"7":2,"8":1,"9":2,"10":2,"11":2,"12":2,"13":1,"14":1,"15":1,"16":1},"b":{"1":[2,1,1,1],"2":[1,1,1,1],"3":[1,1],"4":[2,2],"5":[1,1]},"f":{"1":2,"2":2,"3":2},"fnMap":{"1":{"name":"(anonymous_1)","line":12,"loc":{"start":{"line":12,"column":1},"end":{"line":12,"column":13}}},"2":{"name":"(anonymous_2)","line":19,"loc":{"start":{"line":19,"column":5},"end":{"line":19,"column":17}}},"3":{"name":"(anonymous_3)","line":23,"loc":{"start":{"line":23,"column":24},"end":{"line":23,"column":36}}}},"statementMap":{"1":{"start":{"line":12,"column":0},"end":{"line":53,"column":5}},"2":{"start":{"line":14,"column":4},"end":{"line":14,"column":14}},"3":{"start":{"line":19,"column":4},"end":{"line":52,"column":9}},"4":{"start":{"line":21,"column":8},"end":{"line":21,"column":19}},"5":{"start":{"line":23,"column":8},"end":{"line":35,"column":13}},"6":{"start":{"line":24,"column":12},"end":{"line":34,"column":13}},"7":{"start":{"line":25,"column":16},"end":{"line":28,"column":30}},"8":{"start":{"line":30,"column":16},"end":{"line":33,"column":27}},"9":{"start":{"line":37,"column":8},"end":{"line":39,"column":21}},"10":{"start":{"line":41,"column":8},"end":{"line":41,"column":54}},"11":{"start":{"line":43,"column":8},"end":{"line":43,"column":55}},"12":{"start":{"line":45,"column":8},"end":{"line":51,"column":9}},"13":{"start":{"line":46,"column":12},"end":{"line":46,"column":61}},"14":{"start":{"line":48,"column":12},"end":{"line":48,"column":35}},"15":{"start":{"line":49,"column":12},"end":{"line":49,"column":49}},"16":{"start":{"line":50,"column":12},"end":{"line":50,"column":43}}},"branchMap":{"1":{"line":25,"type":"binary-expr","locations":[{"start":{"line":25,"column":23},"end":{"line":25,"column":62}},{"start":{"line":26,"column":20},"end":{"line":26,"column":70}},{"start":{"line":27,"column":20},"end":{"line":27,"column":71}},{"start":{"line":28,"column":20},"end":{"line":28,"column":29}}]},"2":{"line":30,"type":"binary-expr","locations":[{"start":{"line":30,"column":23},"end":{"line":30,"column":37}},{"start":{"line":31,"column":20},"end":{"line":31,"column":61}},{"start":{"line":32,"column":20},"end":{"line":32,"column":70}},{"start":{"line":33,"column":20},"end":{"line":33,"column":26}}]},"3":{"line":37,"type":"cond-expr","locations":[{"start":{"line":38,"column":14},"end":{"line":38,"column":20}},{"start":{"line":39,"column":14},"end":{"line":39,"column":20}}]},"4":{"line":41,"type":"binary-expr","locations":[{"start":{"line":41,"column":16},"end":{"line":41,"column":44}},{"start":{"line":41,"column":48},"end":{"line":41,"column":53}}]},"5":{"line":45,"type":"if","locations":[{"start":{"line":45,"column":8},"end":{"line":45,"column":8}},{"start":{"line":45,"column":8},"end":{"line":45,"column":8}}]}},"code":["/* istanbul instrument in package npmtest_xml_stream */","/*jslint","    bitwise: true,","    browser: true,","    maxerr: 8,","    maxlen: 96,","    node: true,","    nomen: true,","    regexp: true,","    stupid: true","*/","(function () {","    'use strict';","    var local;","","","","    // run shared js-env code - init-before","    (function () {","        // init local","        local = {};","        // init modeJs","        local.modeJs = (function () {","            try {","                return typeof navigator.userAgent === 'string' &&","                    typeof document.querySelector('body') === 'object' &&","                    typeof XMLHttpRequest.prototype.open === 'function' &&","                    'browser';","            } catch (errorCaughtBrowser) {","                return module.exports &&","                    typeof process.versions.node === 'string' &&","                    typeof require('http').createServer === 'function' &&","                    'node';","            }","        }());","        // init global","        local.global = local.modeJs === 'browser'","            ? window","            : global;","        // init utility2_rollup","        local = local.global.utility2_rollup || local;","        // init lib","        local.local = local.npmtest_xml_stream = local;","        // init exports","        if (local.modeJs === 'browser') {","            local.global.utility2_npmtest_xml_stream = local;","        } else {","            module.exports = local;","            module.exports.__dirname = __dirname;","            module.exports.module = module;","        }","    }());","}());",""],"l":{"12":2,"14":2,"19":2,"21":2,"23":2,"24":2,"25":2,"30":1,"37":2,"41":2,"43":2,"45":2,"46":1,"48":1,"49":1,"50":1}},"/home/travis/build/npmtest/node-npmtest-xml-stream/example.js":{"path":"/home/travis/build/npmtest/node-npmtest-xml-stream/example.js","s":{"1":2,"2":2,"3":2,"4":2,"5":2,"6":2,"7":2,"8":1,"9":2,"10":2,"11":2,"12":2,"13":1,"14":2,"15":2,"16":2,"17":2,"18":2,"19":0,"20":2,"21":1,"22":1,"23":1,"24":1,"25":1,"26":0,"27":0,"28":1,"29":1,"30":2,"31":0,"32":0,"33":0,"34":1,"35":2,"36":2,"37":3,"38":3,"39":3,"40":3,"41":0,"42":3,"43":3,"44":3,"45":1,"46":3,"47":1,"48":1,"49":1,"50":1,"51":1,"52":1,"53":1,"54":1,"55":1,"56":1,"57":0,"58":1,"59":6,"60":6,"61":1,"62":2,"63":0,"64":2,"65":1,"66":1,"67":0,"68":0,"69":0,"70":0,"71":0,"72":0,"73":0,"74":0,"75":0,"76":0,"77":0,"78":0,"79":0,"80":0,"81":0,"82":0,"83":0},"b":{"1":[2,1,1,1],"2":[1,1,1,1],"3":[1,1],"4":[2,2],"5":[1,1],"6":[1,1],"7":[2,0],"8":[2,1,1,1,1,1],"9":[0,2,0],"10":[1,1],"11":[2,1,1],"12":[1,0],"13":[0,2],"14":[2,0,0,0,0,0,0],"15":[0,3],"16":[3,0],"17":[1,1],"18":[0,1],"19":[1,2,0,2],"20":[1,0],"21":[1,1],"22":[0,0],"23":[0,0],"24":[0,0],"25":[0,0],"26":[0,0],"27":[0,0],"28":[0,0]},"f":{"1":2,"2":2,"3":2,"4":2,"5":2,"6":2,"7":3,"8":3,"9":3,"10":1,"11":6,"12":0},"fnMap":{"1":{"name":"(anonymous_1)","line":26,"loc":{"start":{"line":26,"column":1},"end":{"line":26,"column":13}}},"2":{"name":"(anonymous_2)","line":33,"loc":{"start":{"line":33,"column":5},"end":{"line":33,"column":17}}},"3":{"name":"(anonymous_3)","line":37,"loc":{"start":{"line":37,"column":24},"end":{"line":37,"column":36}}},"4":{"name":"(anonymous_4)","line":69,"loc":{"start":{"line":69,"column":31},"end":{"line":69,"column":48}},"skip":true},"5":{"name":"(anonymous_5)","line":78,"loc":{"start":{"line":78,"column":26},"end":{"line":78,"column":45}},"skip":true},"6":{"name":"(anonymous_6)","line":123,"loc":{"start":{"line":123,"column":33},"end":{"line":123,"column":48}},"skip":true},"7":{"name":"(anonymous_7)","line":125,"loc":{"start":{"line":125,"column":27},"end":{"line":125,"column":39}},"skip":true},"8":{"name":"(anonymous_8)","line":133,"loc":{"start":{"line":133,"column":59},"end":{"line":133,"column":74}},"skip":true},"9":{"name":"(anonymous_9)","line":143,"loc":{"start":{"line":143,"column":45},"end":{"line":143,"column":62}},"skip":true},"10":{"name":"(anonymous_10)","line":144,"loc":{"start":{"line":144,"column":73},"end":{"line":144,"column":92}},"skip":true},"11":{"name":"(anonymous_11)","line":272,"loc":{"start":{"line":272,"column":51},"end":{"line":272,"column":77}},"skip":true},"12":{"name":"(anonymous_12)","line":315,"loc":{"start":{"line":315,"column":32},"end":{"line":315,"column":61}},"skip":true}},"statementMap":{"1":{"start":{"line":26,"column":0},"end":{"line":326,"column":5}},"2":{"start":{"line":28,"column":4},"end":{"line":28,"column":14}},"3":{"start":{"line":33,"column":4},"end":{"line":60,"column":9}},"4":{"start":{"line":35,"column":8},"end":{"line":35,"column":19}},"5":{"start":{"line":37,"column":8},"end":{"line":49,"column":13}},"6":{"start":{"line":38,"column":12},"end":{"line":48,"column":13}},"7":{"start":{"line":39,"column":16},"end":{"line":42,"column":30}},"8":{"start":{"line":44,"column":16},"end":{"line":47,"column":27}},"9":{"start":{"line":51,"column":8},"end":{"line":53,"column":21}},"10":{"start":{"line":55,"column":8},"end":{"line":57,"column":45}},"11":{"start":{"line":59,"column":8},"end":{"line":59,"column":35}},"12":{"start":{"line":61,"column":4},"end":{"line":325,"column":5}},"13":{"start":{"line":69,"column":8},"end":{"line":121,"column":10},"skip":true},"14":{"start":{"line":70,"column":12},"end":{"line":88,"column":13},"skip":true},"15":{"start":{"line":76,"column":16},"end":{"line":87,"column":19},"skip":true},"16":{"start":{"line":79,"column":20},"end":{"line":86,"column":21},"skip":true},"17":{"start":{"line":82,"column":24},"end":{"line":82,"column":43},"skip":true},"18":{"start":{"line":83,"column":24},"end":{"line":83,"column":30},"skip":true},"19":{"start":{"line":85,"column":24},"end":{"line":85,"column":49},"skip":true},"20":{"start":{"line":89,"column":12},"end":{"line":107,"column":13},"skip":true},"21":{"start":{"line":92,"column":16},"end":{"line":102,"column":17},"skip":true},"22":{"start":{"line":93,"column":20},"end":{"line":93,"column":86},"skip":true},"23":{"start":{"line":94,"column":20},"end":{"line":95,"column":45},"skip":true},"24":{"start":{"line":96,"column":20},"end":{"line":96,"column":42},"skip":true},"25":{"start":{"line":97,"column":20},"end":{"line":97,"column":48},"skip":true},"26":{"start":{"line":100,"column":20},"end":{"line":100,"column":85},"skip":true},"27":{"start":{"line":101,"column":20},"end":{"line":101,"column":96},"skip":true},"28":{"start":{"line":103,"column":16},"end":{"line":103,"column":22},"skip":true},"29":{"start":{"line":106,"column":16},"end":{"line":106,"column":22},"skip":true},"30":{"start":{"line":108,"column":12},"end":{"line":120,"column":13},"skip":true},"31":{"start":{"line":114,"column":16},"end":{"line":119,"column":17},"skip":true},"32":{"start":{"line":116,"column":20},"end":{"line":116,"column":78},"skip":true},"33":{"start":{"line":118,"column":20},"end":{"line":118,"column":47},"skip":true},"34":{"start":{"line":123,"column":8},"end":{"line":141,"column":11},"skip":true},"35":{"start":{"line":124,"column":12},"end":{"line":124,"column":54},"skip":true},"36":{"start":{"line":125,"column":12},"end":{"line":140,"column":14},"skip":true},"37":{"start":{"line":126,"column":16},"end":{"line":126,"column":28},"skip":true},"38":{"start":{"line":127,"column":16},"end":{"line":127,"column":69},"skip":true},"39":{"start":{"line":128,"column":16},"end":{"line":128,"column":75},"skip":true},"40":{"start":{"line":129,"column":16},"end":{"line":131,"column":17},"skip":true},"41":{"start":{"line":130,"column":20},"end":{"line":130,"column":27},"skip":true},"42":{"start":{"line":133,"column":16},"end":{"line":137,"column":36},"skip":true},"43":{"start":{"line":134,"column":20},"end":{"line":136,"column":55},"skip":true},"44":{"start":{"line":139,"column":16},"end":{"line":139,"column":57},"skip":true},"45":{"start":{"line":143,"column":8},"end":{"line":147,"column":11},"skip":true},"46":{"start":{"line":144,"column":12},"end":{"line":146,"column":15},"skip":true},"47":{"start":{"line":145,"column":16},"end":{"line":145,"column":70},"skip":true},"48":{"start":{"line":149,"column":8},"end":{"line":149,"column":31},"skip":true},"49":{"start":{"line":150,"column":8},"end":{"line":150,"column":14},"skip":true},"50":{"start":{"line":158,"column":8},"end":{"line":158,"column":31},"skip":true},"51":{"start":{"line":160,"column":8},"end":{"line":160,"column":33},"skip":true},"52":{"start":{"line":161,"column":8},"end":{"line":161,"column":37},"skip":true},"53":{"start":{"line":162,"column":8},"end":{"line":162,"column":35},"skip":true},"54":{"start":{"line":164,"column":8},"end":{"line":164,"column":50},"skip":true},"55":{"start":{"line":166,"column":8},"end":{"line":256,"column":2},"skip":true},"56":{"start":{"line":258,"column":8},"end":{"line":286,"column":9},"skip":true},"57":{"start":{"line":259,"column":12},"end":{"line":269,"column":14},"skip":true},"58":{"start":{"line":271,"column":12},"end":{"line":285,"column":19},"skip":true},"59":{"start":{"line":274,"column":20},"end":{"line":274,"column":35},"skip":true},"60":{"start":{"line":275,"column":20},"end":{"line":284,"column":21},"skip":true},"61":{"start":{"line":277,"column":24},"end":{"line":277,"column":64},"skip":true},"62":{"start":{"line":279,"column":24},"end":{"line":279,"column":40},"skip":true},"63":{"start":{"line":281,"column":24},"end":{"line":281,"column":40},"skip":true},"64":{"start":{"line":283,"column":24},"end":{"line":283,"column":39},"skip":true},"65":{"start":{"line":288,"column":8},"end":{"line":290,"column":9},"skip":true},"66":{"start":{"line":289,"column":12},"end":{"line":289,"column":18},"skip":true},"67":{"start":{"line":291,"column":8},"end":{"line":293,"column":54},"skip":true},"68":{"start":{"line":296,"column":8},"end":{"line":301,"column":37},"skip":true},"69":{"start":{"line":303,"column":8},"end":{"line":303,"column":82},"skip":true},"70":{"start":{"line":306,"column":8},"end":{"line":308,"column":9},"skip":true},"71":{"start":{"line":307,"column":12},"end":{"line":307,"column":82},"skip":true},"72":{"start":{"line":310,"column":8},"end":{"line":312,"column":9},"skip":true},"73":{"start":{"line":311,"column":12},"end":{"line":311,"column":18},"skip":true},"74":{"start":{"line":313,"column":8},"end":{"line":313,"column":54},"skip":true},"75":{"start":{"line":314,"column":8},"end":{"line":314,"column":69},"skip":true},"76":{"start":{"line":315,"column":8},"end":{"line":323,"column":36},"skip":true},"77":{"start":{"line":316,"column":12},"end":{"line":316,"column":61},"skip":true},"78":{"start":{"line":317,"column":12},"end":{"line":320,"column":13},"skip":true},"79":{"start":{"line":318,"column":16},"end":{"line":318,"column":75},"skip":true},"80":{"start":{"line":319,"column":16},"end":{"line":319,"column":23},"skip":true},"81":{"start":{"line":321,"column":12},"end":{"line":321,"column":38},"skip":true},"82":{"start":{"line":322,"column":12},"end":{"line":322,"column":27},"skip":true},"83":{"start":{"line":324,"column":8},"end":{"line":324,"column":14},"skip":true}},"branchMap":{"1":{"line":39,"type":"binary-expr","locations":[{"start":{"line":39,"column":23},"end":{"line":39,"column":62}},{"start":{"line":40,"column":20},"end":{"line":40,"column":70}},{"start":{"line":41,"column":20},"end":{"line":41,"column":71}},{"start":{"line":42,"column":20},"end":{"line":42,"column":29}}]},"2":{"line":44,"type":"binary-expr","locations":[{"start":{"line":44,"column":23},"end":{"line":44,"column":37}},{"start":{"line":45,"column":20},"end":{"line":45,"column":61}},{"start":{"line":46,"column":20},"end":{"line":46,"column":70}},{"start":{"line":47,"column":20},"end":{"line":47,"column":26}}]},"3":{"line":51,"type":"cond-expr","locations":[{"start":{"line":52,"column":14},"end":{"line":52,"column":20}},{"start":{"line":53,"column":14},"end":{"line":53,"column":20}}]},"4":{"line":55,"type":"binary-expr","locations":[{"start":{"line":55,"column":16},"end":{"line":55,"column":44}},{"start":{"line":55,"column":49},"end":{"line":57,"column":43}}]},"5":{"line":55,"type":"cond-expr","locations":[{"start":{"line":56,"column":14},"end":{"line":56,"column":54}},{"start":{"line":57,"column":14},"end":{"line":57,"column":43}}]},"6":{"line":61,"type":"switch","locations":[{"start":{"line":68,"column":4},"end":{"line":150,"column":14},"skip":true},{"start":{"line":156,"column":4},"end":{"line":324,"column":14},"skip":true}]},"7":{"line":70,"type":"if","locations":[{"start":{"line":70,"column":12},"end":{"line":70,"column":12},"skip":true},{"start":{"line":70,"column":12},"end":{"line":70,"column":12},"skip":true}]},"8":{"line":70,"type":"binary-expr","locations":[{"start":{"line":70,"column":16},"end":{"line":70,"column":22},"skip":true},{"start":{"line":70,"column":27},"end":{"line":70,"column":32},"skip":true},{"start":{"line":71,"column":20},"end":{"line":71,"column":39},"skip":true},{"start":{"line":72,"column":20},"end":{"line":72,"column":49},"skip":true},{"start":{"line":73,"column":20},"end":{"line":73,"column":58},"skip":true},{"start":{"line":74,"column":20},"end":{"line":74,"column":69},"skip":true}]},"9":{"line":79,"type":"switch","locations":[{"start":{"line":80,"column":20},"end":{"line":80,"column":33},"skip":true},{"start":{"line":81,"column":20},"end":{"line":83,"column":30},"skip":true},{"start":{"line":84,"column":20},"end":{"line":85,"column":49},"skip":true}]},"10":{"line":89,"type":"switch","locations":[{"start":{"line":90,"column":12},"end":{"line":103,"column":22},"skip":true},{"start":{"line":105,"column":12},"end":{"line":106,"column":22},"skip":true}]},"11":{"line":89,"type":"binary-expr","locations":[{"start":{"line":89,"column":20},"end":{"line":89,"column":25},"skip":true},{"start":{"line":89,"column":29},"end":{"line":89,"column":48},"skip":true},{"start":{"line":89,"column":52},"end":{"line":89,"column":74},"skip":true}]},"12":{"line":92,"type":"if","locations":[{"start":{"line":92,"column":16},"end":{"line":92,"column":16},"skip":true},{"start":{"line":92,"column":16},"end":{"line":92,"column":16},"skip":true}]},"13":{"line":108,"type":"if","locations":[{"start":{"line":108,"column":12},"end":{"line":108,"column":12},"skip":true},{"start":{"line":108,"column":12},"end":{"line":108,"column":12},"skip":true}]},"14":{"line":108,"type":"binary-expr","locations":[{"start":{"line":108,"column":16},"end":{"line":108,"column":61},"skip":true},{"start":{"line":108,"column":66},"end":{"line":108,"column":72},"skip":true},{"start":{"line":108,"column":77},"end":{"line":108,"column":82},"skip":true},{"start":{"line":109,"column":20},"end":{"line":109,"column":39},"skip":true},{"start":{"line":110,"column":20},"end":{"line":110,"column":49},"skip":true},{"start":{"line":111,"column":20},"end":{"line":111,"column":58},"skip":true},{"start":{"line":112,"column":20},"end":{"line":112,"column":68},"skip":true}]},"15":{"line":129,"type":"if","locations":[{"start":{"line":129,"column":16},"end":{"line":129,"column":16},"skip":true},{"start":{"line":129,"column":16},"end":{"line":129,"column":16},"skip":true}]},"16":{"line":134,"type":"cond-expr","locations":[{"start":{"line":135,"column":26},"end":{"line":135,"column":29},"skip":true},{"start":{"line":136,"column":26},"end":{"line":136,"column":54},"skip":true}]},"17":{"line":164,"type":"binary-expr","locations":[{"start":{"line":164,"column":27},"end":{"line":164,"column":43},"skip":true},{"start":{"line":164,"column":47},"end":{"line":164,"column":49},"skip":true}]},"18":{"line":258,"type":"if","locations":[{"start":{"line":258,"column":8},"end":{"line":258,"column":8},"skip":true},{"start":{"line":258,"column":8},"end":{"line":258,"column":8},"skip":true}]},"19":{"line":275,"type":"switch","locations":[{"start":{"line":276,"column":20},"end":{"line":277,"column":64},"skip":true},{"start":{"line":278,"column":20},"end":{"line":279,"column":40},"skip":true},{"start":{"line":280,"column":20},"end":{"line":281,"column":40},"skip":true},{"start":{"line":282,"column":20},"end":{"line":283,"column":39},"skip":true}]},"20":{"line":288,"type":"if","locations":[{"start":{"line":288,"column":8},"end":{"line":288,"column":8},"skip":true},{"start":{"line":288,"column":8},"end":{"line":288,"column":8},"skip":true}]},"21":{"line":288,"type":"binary-expr","locations":[{"start":{"line":288,"column":12},"end":{"line":288,"column":40},"skip":true},{"start":{"line":288,"column":44},"end":{"line":288,"column":67},"skip":true}]},"22":{"line":292,"type":"binary-expr","locations":[{"start":{"line":292,"column":12},"end":{"line":292,"column":50},"skip":true},{"start":{"line":293,"column":12},"end":{"line":293,"column":53},"skip":true}]},"23":{"line":297,"type":"binary-expr","locations":[{"start":{"line":297,"column":12},"end":{"line":297,"column":68},"skip":true},{"start":{"line":298,"column":12},"end":{"line":301,"column":36},"skip":true}]},"24":{"line":303,"type":"binary-expr","locations":[{"start":{"line":303,"column":43},"end":{"line":303,"column":75},"skip":true},{"start":{"line":303,"column":79},"end":{"line":303,"column":81},"skip":true}]},"25":{"line":306,"type":"if","locations":[{"start":{"line":306,"column":8},"end":{"line":306,"column":8},"skip":true},{"start":{"line":306,"column":8},"end":{"line":306,"column":8},"skip":true}]},"26":{"line":310,"type":"if","locations":[{"start":{"line":310,"column":8},"end":{"line":310,"column":8},"skip":true},{"start":{"line":310,"column":8},"end":{"line":310,"column":8},"skip":true}]},"27":{"line":313,"type":"binary-expr","locations":[{"start":{"line":313,"column":27},"end":{"line":313,"column":43},"skip":true},{"start":{"line":313,"column":47},"end":{"line":313,"column":53},"skip":true}]},"28":{"line":317,"type":"if","locations":[{"start":{"line":317,"column":12},"end":{"line":317,"column":12},"skip":true},{"start":{"line":317,"column":12},"end":{"line":317,"column":12},"skip":true}]}},"code":["/*","example.js","","quickstart example","","instruction","    1. save this script as example.js","    2. run the shell command:","        $ npm install npmtest-xml-stream && PORT=8081 node example.js","    3. play with the browser-demo on http://127.0.0.1:8081","*/","","","","/* istanbul instrument in package npmtest_xml_stream */","/*jslint","    bitwise: true,","    browser: true,","    maxerr: 8,","    maxlen: 96,","    node: true,","    nomen: true,","    regexp: true,","    stupid: true","*/","(function () {","    'use strict';","    var local;","","","","    // run shared js-env code - init-before","    (function () {","        // init local","        local = {};","        // init modeJs","        local.modeJs = (function () {","            try {","                return typeof navigator.userAgent === 'string' &&","                    typeof document.querySelector('body') === 'object' &&","                    typeof XMLHttpRequest.prototype.open === 'function' &&","                    'browser';","            } catch (errorCaughtBrowser) {","                return module.exports &&","                    typeof process.versions.node === 'string' &&","                    typeof require('http').createServer === 'function' &&","                    'node';","            }","        }());","        // init global","        local.global = local.modeJs === 'browser'","            ? window","            : global;","        // init utility2_rollup","        local = local.global.utility2_rollup || (local.modeJs === 'browser'","            ? local.global.utility2_npmtest_xml_stream","            : global.utility2_moduleExports);","        // export local","        local.global.local = local;","    }());","    switch (local.modeJs) {","","","","    // init-after","    // run browser js-env code - init-after","    /* istanbul ignore next */","    case 'browser':","        local.testRunBrowser = function (event) {","            if (!event || (event &&","                    event.currentTarget &&","                    event.currentTarget.className &&","                    event.currentTarget.className.includes &&","                    event.currentTarget.className.includes('onreset'))) {","                // reset output","                Array.from(","                    document.querySelectorAll('body > .resettable')","                ).forEach(function (element) {","                    switch (element.tagName) {","                    case 'INPUT':","                    case 'TEXTAREA':","                        element.value = '';","                        break;","                    default:","                        element.textContent = '';","                    }","                });","            }","            switch (event && event.currentTarget && event.currentTarget.id) {","            case 'testRunButton1':","                // show tests","                if (document.querySelector('#testReportDiv1').style.display === 'none') {","                    document.querySelector('#testReportDiv1').style.display = 'block';","                    document.querySelector('#testRunButton1').textContent =","                        'hide internal test';","                    local.modeTest = true;","                    local.testRunDefault(local);","                // hide tests","                } else {","                    document.querySelector('#testReportDiv1').style.display = 'none';","                    document.querySelector('#testRunButton1').textContent = 'run internal test';","                }","                break;","            // custom-case","            default:","                break;","            }","            if (document.querySelector('#inputTextareaEval1') && (!event || (event &&","                    event.currentTarget &&","                    event.currentTarget.className &&","                    event.currentTarget.className.includes &&","                    event.currentTarget.className.includes('oneval')))) {","                // try to eval input-code","                try {","                    /*jslint evil: true*/","                    eval(document.querySelector('#inputTextareaEval1').value);","                } catch (errorCaught) {","                    console.error(errorCaught);","                }","            }","        };","        // log stderr and stdout to #outputTextareaStdout1","        ['error', 'log'].forEach(function (key) {","            console[key + '_original'] = console[key];","            console[key] = function () {","                var element;","                console[key + '_original'].apply(console, arguments);","                element = document.querySelector('#outputTextareaStdout1');","                if (!element) {","                    return;","                }","                // append text to #outputTextareaStdout1","                element.value += Array.from(arguments).map(function (arg) {","                    return typeof arg === 'string'","                        ? arg","                        : JSON.stringify(arg, null, 4);","                }).join(' ') + '\\n';","                // scroll textarea to bottom","                element.scrollTop = element.scrollHeight;","            };","        });","        // init event-handling","        ['change', 'click', 'keyup'].forEach(function (event) {","            Array.from(document.querySelectorAll('.on' + event)).forEach(function (element) {","                element.addEventListener(event, local.testRunBrowser);","            });","        });","        // run tests","        local.testRunBrowser();","        break;","","","","    // run node js-env code - init-after","    /* istanbul ignore next */","    case 'node':","        // export local","        module.exports = local;","        // require modules","        local.fs = require('fs');","        local.http = require('http');","        local.url = require('url');","        // init assets","        local.assetsDict = local.assetsDict || {};","        /* jslint-ignore-begin */","        local.assetsDict['/assets.index.template.html'] = '\\","<!doctype html>\\n\\","<html lang=\"en\">\\n\\","<head>\\n\\","<meta charset=\"UTF-8\">\\n\\","<meta name=\"viewport\" content=\"width=device-width, initial-scale=1\">\\n\\","<title>{{env.npm_package_name}} (v{{env.npm_package_version}})</title>\\n\\","<style>\\n\\","/*csslint\\n\\","    box-sizing: false,\\n\\","    universal-selector: false\\n\\","*/\\n\\","* {\\n\\","    box-sizing: border-box;\\n\\","}\\n\\","body {\\n\\","    background: #dde;\\n\\","    font-family: Arial, Helvetica, sans-serif;\\n\\","    margin: 2rem;\\n\\","}\\n\\","body > * {\\n\\","    margin-bottom: 1rem;\\n\\","}\\n\\",".utility2FooterDiv {\\n\\","    margin-top: 20px;\\n\\","    text-align: center;\\n\\","}\\n\\","</style>\\n\\","<style>\\n\\","/*csslint\\n\\","*/\\n\\","textarea {\\n\\","    font-family: monospace;\\n\\","    height: 10rem;\\n\\","    width: 100%;\\n\\","}\\n\\","textarea[readonly] {\\n\\","    background: #ddd;\\n\\","}\\n\\","</style>\\n\\","</head>\\n\\","<body>\\n\\","<!-- utility2-comment\\n\\","<div id=\"ajaxProgressDiv1\" style=\"background: #d00; height: 2px; left: 0; margin: 0; padding: 0; position: fixed; top: 0; transition: background 0.5s, width 1.5s; width: 25%;\"></div>\\n\\","utility2-comment -->\\n\\","<h1>\\n\\","<!-- utility2-comment\\n\\","    <a\\n\\","        {{#if env.npm_package_homepage}}\\n\\","        href=\"{{env.npm_package_homepage}}\"\\n\\","        {{/if env.npm_package_homepage}}\\n\\","        target=\"_blank\"\\n\\","    >\\n\\","utility2-comment -->\\n\\","        {{env.npm_package_name}} (v{{env.npm_package_version}})\\n\\","<!-- utility2-comment\\n\\","    </a>\\n\\","utility2-comment -->\\n\\","</h1>\\n\\","<h3>{{env.npm_package_description}}</h3>\\n\\","<!-- utility2-comment\\n\\","<h4><a download href=\"assets.app.js\">download standalone app</a></h4>\\n\\","<button class=\"onclick onreset\" id=\"testRunButton1\">run internal test</button><br>\\n\\","<div id=\"testReportDiv1\" style=\"display: none;\"></div>\\n\\","utility2-comment -->\\n\\","\\n\\","\\n\\","\\n\\","<label>stderr and stdout</label>\\n\\","<textarea class=\"resettable\" id=\"outputTextareaStdout1\" readonly></textarea>\\n\\","<!-- utility2-comment\\n\\","{{#if isRollup}}\\n\\","<script src=\"assets.app.js\"></script>\\n\\","{{#unless isRollup}}\\n\\","utility2-comment -->\\n\\","<script src=\"assets.utility2.rollup.js\"></script>\\n\\","<script src=\"jsonp.utility2._stateInit?callback=window.utility2._stateInit\"></script>\\n\\","<script src=\"assets.npmtest_xml_stream.rollup.js\"></script>\\n\\","<script src=\"assets.example.js\"></script>\\n\\","<script src=\"assets.test.js\"></script>\\n\\","<!-- utility2-comment\\n\\","{{/if isRollup}}\\n\\","utility2-comment -->\\n\\","<div class=\"utility2FooterDiv\">\\n\\","    [ this app was created with\\n\\","    <a href=\"https://github.com/kaizhu256/node-utility2\" target=\"_blank\">utility2</a>\\n\\","    ]\\n\\","</div>\\n\\","</body>\\n\\","</html>\\n\\","';","        /* jslint-ignore-end */","        if (local.templateRender) {","            local.assetsDict['/'] = local.templateRender(","                local.assetsDict['/assets.index.template.html'],","                {","                    env: local.objectSetDefault(local.env, {","                        npm_package_description: 'the greatest app in the world!',","                        npm_package_name: 'my-app',","                        npm_package_nameAlias: 'my_app',","                        npm_package_version: '0.0.1'","                    })","                }","            );","        } else {","            local.assetsDict['/'] = local.assetsDict['/assets.index.template.html']","                .replace((/\\{\\{env\\.(\\w+?)\\}\\}/g), function (match0, match1) {","                    // jslint-hack","                    String(match0);","                    switch (match1) {","                    case 'npm_package_description':","                        return 'the greatest app in the world!';","                    case 'npm_package_name':","                        return 'my-app';","                    case 'npm_package_nameAlias':","                        return 'my_app';","                    case 'npm_package_version':","                        return '0.0.1';","                    }","                });","        }","        // run the cli","        if (local.global.utility2_rollup || module !== require.main) {","            break;","        }","        local.assetsDict['/assets.example.js'] =","            local.assetsDict['/assets.example.js'] ||","            local.fs.readFileSync(__filename, 'utf8');","        // bug-workaround - long $npm_package_buildCustomOrg","        /* jslint-ignore-begin */","        local.assetsDict['/assets.npmtest_xml_stream.rollup.js'] =","            local.assetsDict['/assets.npmtest_xml_stream.rollup.js'] ||","            local.fs.readFileSync(","                local.npmtest_xml_stream.__dirname + '/lib.npmtest_xml_stream.js',","                'utf8'","            ).replace((/^#!/), '//');","        /* jslint-ignore-end */","        local.assetsDict['/favicon.ico'] = local.assetsDict['/favicon.ico'] || '';","        // if $npm_config_timeout_exit exists,","        // then exit this process after $npm_config_timeout_exit ms","        if (Number(process.env.npm_config_timeout_exit)) {","            setTimeout(process.exit, Number(process.env.npm_config_timeout_exit));","        }","        // start server","        if (local.global.utility2_serverHttp1) {","            break;","        }","        process.env.PORT = process.env.PORT || '8081';","        console.error('server starting on port ' + process.env.PORT);","        local.http.createServer(function (request, response) {","            request.urlParsed = local.url.parse(request.url);","            if (local.assetsDict[request.urlParsed.pathname] !== undefined) {","                response.end(local.assetsDict[request.urlParsed.pathname]);","                return;","            }","            response.statusCode = 404;","            response.end();","        }).listen(process.env.PORT);","        break;","    }","}());",""],"l":{"26":2,"28":2,"33":2,"35":2,"37":2,"38":2,"39":2,"44":1,"51":2,"55":2,"59":2,"61":2,"69":1,"70":2,"76":2,"79":2,"82":2,"83":2,"85":1,"89":2,"92":1,"93":1,"94":1,"96":1,"97":1,"100":1,"101":1,"103":1,"106":1,"108":2,"114":1,"116":1,"118":1,"123":1,"124":2,"125":2,"126":3,"127":3,"128":3,"129":3,"130":1,"133":3,"134":3,"139":3,"143":1,"144":3,"145":1,"149":1,"150":1,"158":1,"160":1,"161":1,"162":1,"164":1,"166":1,"258":1,"259":1,"271":1,"274":6,"275":6,"277":1,"279":2,"281":1,"283":2,"288":1,"289":1,"291":1,"296":1,"303":1,"306":1,"307":1,"310":1,"311":1,"313":1,"314":1,"315":1,"316":1,"317":1,"318":1,"319":1,"321":1,"322":1,"324":1}},"/home/travis/build/npmtest/node-npmtest-xml-stream/node_modules/xml-stream/index.js":{"path":"/home/travis/build/npmtest/node-npmtest-xml-stream/node_modules/xml-stream/index.js","s":{"1":1},"b":{},"f":{},"fnMap":{},"statementMap":{"1":{"start":{"line":1,"column":0},"end":{"line":1,"column":48}}},"branchMap":{},"code":["module.exports = require('./lib/xml-stream.js');",""],"l":{"1":1}},"/home/travis/build/npmtest/node-npmtest-xml-stream/node_modules/xml-stream/lib/xml-stream.js":{"path":"/home/travis/build/npmtest/node-npmtest-xml-stream/node_modules/xml-stream/lib/xml-stream.js","s":{"1":1,"2":1,"3":1,"4":0,"5":0,"6":0,"7":0,"8":1,"9":1,"10":0,"11":0,"12":1,"13":1,"14":1,"15":0,"16":0,"17":0,"18":0,"19":0,"20":0,"21":0,"22":0,"23":0,"24":0,"25":0,"26":0,"27":0,"28":0,"29":0,"30":0,"31":0,"32":0,"33":1,"34":0,"35":0,"36":0,"37":1,"38":1,"39":1,"40":0,"41":0,"42":0,"43":0,"44":0,"45":0,"46":0,"47":0,"48":0,"49":0,"50":0,"51":0,"52":0,"53":0,"54":0,"55":0,"56":0,"57":0,"58":1,"59":0,"60":0,"61":0,"62":0,"63":0,"64":1,"65":0,"66":0,"67":0,"68":0,"69":0,"70":0,"71":0,"72":0,"73":0,"74":0,"75":0,"76":1,"77":0,"78":0,"79":0,"80":0,"81":1,"82":0,"83":0,"84":0,"85":0,"86":0,"87":1,"88":0,"89":0,"90":0,"91":1,"92":0,"93":0,"94":0,"95":0,"96":0,"97":0,"98":1,"99":0,"100":0,"101":0,"102":0,"103":0,"104":0,"105":0,"106":0,"107":0,"108":0,"109":0,"110":0,"111":0,"112":0,"113":0,"114":0,"115":1,"116":0,"117":0,"118":0,"119":0,"120":0,"121":1,"122":0,"123":1,"124":0,"125":1,"126":0,"127":0,"128":0,"129":0,"130":0,"131":0,"132":1,"133":0,"134":0,"135":0,"136":0,"137":0,"138":0,"139":0,"140":0,"141":1,"142":0,"143":0,"144":0,"145":0,"146":0,"147":0,"148":0,"149":0,"150":0,"151":0,"152":0,"153":0,"154":0,"155":0,"156":0,"157":0,"158":1,"159":0,"160":0,"161":0,"162":0,"163":0,"164":0,"165":0,"166":0,"167":0,"168":0,"169":0,"170":0,"171":0,"172":0,"173":0,"174":0,"175":0,"176":0,"177":0,"178":0,"179":0,"180":0,"181":0,"182":0,"183":0,"184":0,"185":0,"186":0,"187":0,"188":0,"189":0,"190":0,"191":0,"192":0,"193":0,"194":0,"195":0,"196":0,"197":0,"198":0,"199":0,"200":0,"201":0,"202":0,"203":0,"204":0,"205":0,"206":0,"207":0,"208":0,"209":0,"210":0,"211":0,"212":0,"213":0,"214":0,"215":0,"216":0,"217":0,"218":0,"219":0,"220":0,"221":0,"222":0,"223":0,"224":0,"225":0,"226":0,"227":0,"228":0,"229":0,"230":0,"231":0,"232":0,"233":0,"234":0,"235":0,"236":0,"237":0,"238":0,"239":0,"240":0,"241":0,"242":0,"243":0,"244":0,"245":0,"246":0,"247":0,"248":0,"249":0,"250":0,"251":0,"252":0,"253":0,"254":0,"255":0,"256":0,"257":0,"258":0,"259":0,"260":0,"261":0,"262":0,"263":0,"264":0,"265":0,"266":0,"267":0,"268":0,"269":0,"270":0,"271":0,"272":0,"273":0,"274":0,"275":0,"276":0,"277":0,"278":0,"279":0},"b":{"1":[0,0],"2":[0,0],"3":[0,0],"4":[0,0],"5":[0,0],"6":[0,0],"7":[0,0],"8":[0,0],"9":[0,0],"10":[0,0],"11":[0,0],"12":[0,0],"13":[0,0],"14":[0,0],"15":[0,0],"16":[0,0],"17":[0,0],"18":[0,0],"19":[0,0],"20":[0,0],"21":[0,0],"22":[0,0],"23":[0,0],"24":[0,0],"25":[0,0],"26":[0,0],"27":[0,0],"28":[0,0,0],"29":[0,0],"30":[0,0],"31":[0,0],"32":[0,0],"33":[0,0],"34":[0,0],"35":[0,0],"36":[0,0],"37":[0,0],"38":[0,0],"39":[0,0],"40":[0,0],"41":[0,0],"42":[0,0],"43":[0,0],"44":[0,0],"45":[0,0],"46":[0,0],"47":[0,0],"48":[0,0],"49":[0,0],"50":[0,0],"51":[0,0],"52":[0,0],"53":[0,0,0],"54":[0,0],"55":[0,0],"56":[0,0],"57":[0,0],"58":[0,0],"59":[0,0],"60":[0,0],"61":[0,0],"62":[0,0],"63":[0,0],"64":[0,0],"65":[0,0],"66":[0,0],"67":[0,0],"68":[0,0]},"f":{"1":0,"2":0,"3":0,"4":0,"5":0,"6":0,"7":0,"8":0,"9":0,"10":0,"11":0,"12":0,"13":0,"14":0,"15":0,"16":0,"17":0,"18":0,"19":0,"20":0,"21":0,"22":0,"23":0,"24":0,"25":0,"26":0,"27":0,"28":0,"29":0,"30":0,"31":0,"32":0,"33":0},"fnMap":{"1":{"name":"isEmpty","line":11,"loc":{"start":{"line":11,"column":0},"end":{"line":11,"column":22}}},"2":{"name":"escape","line":28,"loc":{"start":{"line":28,"column":0},"end":{"line":28,"column":23}}},"3":{"name":"(anonymous_3)","line":29,"loc":{"start":{"line":29,"column":37},"end":{"line":29,"column":54}}},"4":{"name":"XmlStream","line":47,"loc":{"start":{"line":47,"column":0},"end":{"line":47,"column":37}}},"5":{"name":"(anonymous_5)","line":71,"loc":{"start":{"line":71,"column":19},"end":{"line":71,"column":31}}},"6":{"name":"makeEncoder","line":77,"loc":{"start":{"line":77,"column":0},"end":{"line":77,"column":31}}},"7":{"name":"(anonymous_7)","line":112,"loc":{"start":{"line":112,"column":25},"end":{"line":112,"column":55}}},"8":{"name":"(anonymous_8)","line":121,"loc":{"start":{"line":121,"column":39},"end":{"line":121,"column":50}}},"9":{"name":"(anonymous_9)","line":124,"loc":{"start":{"line":124,"column":39},"end":{"line":124,"column":73}}},"10":{"name":"(anonymous_10)","line":131,"loc":{"start":{"line":131,"column":15},"end":{"line":131,"column":49}}},"11":{"name":"(anonymous_11)","line":147,"loc":{"start":{"line":147,"column":30},"end":{"line":147,"column":49}}},"12":{"name":"(anonymous_12)","line":151,"loc":{"start":{"line":151,"column":34},"end":{"line":151,"column":45}}},"13":{"name":"(anonymous_13)","line":158,"loc":{"start":{"line":158,"column":31},"end":{"line":158,"column":62}}},"14":{"name":"(anonymous_14)","line":162,"loc":{"start":{"line":162,"column":35},"end":{"line":162,"column":46}}},"15":{"name":"(anonymous_15)","line":168,"loc":{"start":{"line":168,"column":35},"end":{"line":168,"column":46}}},"16":{"name":"(anonymous_16)","line":177,"loc":{"start":{"line":177,"column":28},"end":{"line":177,"column":39}}},"17":{"name":"(anonymous_17)","line":186,"loc":{"start":{"line":186,"column":29},"end":{"line":186,"column":40}}},"18":{"name":"normalizeSelector","line":200,"loc":{"start":{"line":200,"column":0},"end":{"line":200,"column":37}}},"19":{"name":"parseEvent","line":210,"loc":{"start":{"line":210,"column":0},"end":{"line":210,"column":27}}},"20":{"name":"getFinalState","line":227,"loc":{"start":{"line":227,"column":0},"end":{"line":227,"column":33}}},"21":{"name":"emitStart","line":253,"loc":{"start":{"line":253,"column":0},"end":{"line":253,"column":32}}},"22":{"name":"emitEnd","line":262,"loc":{"start":{"line":262,"column":0},"end":{"line":262,"column":23}}},"23":{"name":"emitText","line":267,"loc":{"start":{"line":267,"column":0},"end":{"line":267,"column":24}}},"24":{"name":"emitElement","line":272,"loc":{"start":{"line":272,"column":0},"end":{"line":272,"column":45}}},"25":{"name":"emitChildren","line":286,"loc":{"start":{"line":286,"column":0},"end":{"line":286,"column":32}}},"26":{"name":"emitOneElement","line":301,"loc":{"start":{"line":301,"column":0},"end":{"line":301,"column":48}}},"27":{"name":"parse","line":332,"loc":{"start":{"line":332,"column":0},"end":{"line":332,"column":17}}},"28":{"name":"(anonymous_28)","line":353,"loc":{"start":{"line":353,"column":25},"end":{"line":353,"column":46}}},"29":{"name":"(anonymous_29)","line":401,"loc":{"start":{"line":401,"column":23},"end":{"line":401,"column":38}}},"30":{"name":"(anonymous_30)","line":447,"loc":{"start":{"line":447,"column":17},"end":{"line":447,"column":32}}},"31":{"name":"(anonymous_31)","line":509,"loc":{"start":{"line":509,"column":19},"end":{"line":509,"column":34}}},"32":{"name":"(anonymous_32)","line":519,"loc":{"start":{"line":519,"column":26},"end":{"line":519,"column":41}}},"33":{"name":"(anonymous_33)","line":540,"loc":{"start":{"line":540,"column":25},"end":{"line":540,"column":36}}}},"statementMap":{"1":{"start":{"line":1,"column":0},"end":{"line":5,"column":3}},"2":{"start":{"line":8,"column":0},"end":{"line":8,"column":44}},"3":{"start":{"line":11,"column":0},"end":{"line":16,"column":1}},"4":{"start":{"line":12,"column":2},"end":{"line":14,"column":3}},"5":{"start":{"line":12,"column":23},"end":{"line":14,"column":3}},"6":{"start":{"line":13,"column":4},"end":{"line":13,"column":17}},"7":{"start":{"line":15,"column":2},"end":{"line":15,"column":14}},"8":{"start":{"line":19,"column":0},"end":{"line":25,"column":2}},"9":{"start":{"line":28,"column":0},"end":{"line":32,"column":1}},"10":{"start":{"line":29,"column":2},"end":{"line":31,"column":5}},"11":{"start":{"line":30,"column":4},"end":{"line":30,"column":28}},"12":{"start":{"line":35,"column":0},"end":{"line":39,"column":2}},"13":{"start":{"line":42,"column":0},"end":{"line":42,"column":27}},"14":{"start":{"line":47,"column":0},"end":{"line":74,"column":1}},"15":{"start":{"line":48,"column":2},"end":{"line":48,"column":33}},"16":{"start":{"line":49,"column":2},"end":{"line":49,"column":24}},"17":{"start":{"line":50,"column":2},"end":{"line":50,"column":34}},"18":{"start":{"line":51,"column":2},"end":{"line":51,"column":22}},"19":{"start":{"line":52,"column":2},"end":{"line":52,"column":24}},"20":{"start":{"line":53,"column":2},"end":{"line":53,"column":25}},"21":{"start":{"line":54,"column":2},"end":{"line":54,"column":25}},"22":{"start":{"line":55,"column":2},"end":{"line":55,"column":24}},"23":{"start":{"line":56,"column":2},"end":{"line":56,"column":26}},"24":{"start":{"line":57,"column":2},"end":{"line":57,"column":31}},"25":{"start":{"line":58,"column":2},"end":{"line":58,"column":28}},"26":{"start":{"line":59,"column":2},"end":{"line":59,"column":24}},"27":{"start":{"line":60,"column":2},"end":{"line":60,"column":27}},"28":{"start":{"line":65,"column":2},"end":{"line":65,"column":36}},"29":{"start":{"line":66,"column":2},"end":{"line":66,"column":46}},"30":{"start":{"line":68,"column":2},"end":{"line":68,"column":19}},"31":{"start":{"line":71,"column":2},"end":{"line":73,"column":5}},"32":{"start":{"line":72,"column":4},"end":{"line":72,"column":22}},"33":{"start":{"line":77,"column":0},"end":{"line":82,"column":1}},"34":{"start":{"line":78,"column":2},"end":{"line":80,"column":3}},"35":{"start":{"line":79,"column":4},"end":{"line":79,"column":39}},"36":{"start":{"line":81,"column":2},"end":{"line":81,"column":14}},"37":{"start":{"line":85,"column":0},"end":{"line":85,"column":39}},"38":{"start":{"line":86,"column":0},"end":{"line":91,"column":3}},"39":{"start":{"line":112,"column":0},"end":{"line":143,"column":2}},"40":{"start":{"line":113,"column":2},"end":{"line":113,"column":36}},"41":{"start":{"line":114,"column":2},"end":{"line":142,"column":3}},"42":{"start":{"line":117,"column":4},"end":{"line":117,"column":67}},"43":{"start":{"line":118,"column":4},"end":{"line":118,"column":62}},"44":{"start":{"line":119,"column":4},"end":{"line":119,"column":20}},"45":{"start":{"line":120,"column":4},"end":{"line":135,"column":5}},"46":{"start":{"line":121,"column":6},"end":{"line":123,"column":9}},"47":{"start":{"line":122,"column":8},"end":{"line":122,"column":28}},"48":{"start":{"line":124,"column":6},"end":{"line":129,"column":9}},"49":{"start":{"line":125,"column":8},"end":{"line":125,"column":55}},"50":{"start":{"line":126,"column":8},"end":{"line":128,"column":9}},"51":{"start":{"line":127,"column":11},"end":{"line":127,"column":61}},"52":{"start":{"line":131,"column":6},"end":{"line":133,"column":8}},"53":{"start":{"line":132,"column":8},"end":{"line":132,"column":55}},"54":{"start":{"line":134,"column":6},"end":{"line":134,"column":55}},"55":{"start":{"line":138,"column":4},"end":{"line":140,"column":5}},"56":{"start":{"line":139,"column":6},"end":{"line":139,"column":28}},"57":{"start":{"line":141,"column":4},"end":{"line":141,"column":66}},"58":{"start":{"line":147,"column":0},"end":{"line":154,"column":2}},"59":{"start":{"line":148,"column":2},"end":{"line":148,"column":41}},"60":{"start":{"line":149,"column":2},"end":{"line":149,"column":54}},"61":{"start":{"line":150,"column":2},"end":{"line":150,"column":18}},"62":{"start":{"line":151,"column":2},"end":{"line":153,"column":5}},"63":{"start":{"line":152,"column":4},"end":{"line":152,"column":25}},"64":{"start":{"line":158,"column":0},"end":{"line":174,"column":2}},"65":{"start":{"line":159,"column":2},"end":{"line":159,"column":41}},"66":{"start":{"line":160,"column":2},"end":{"line":160,"column":54}},"67":{"start":{"line":161,"column":2},"end":{"line":161,"column":18}},"68":{"start":{"line":162,"column":2},"end":{"line":167,"column":5}},"69":{"start":{"line":163,"column":4},"end":{"line":163,"column":26}},"70":{"start":{"line":164,"column":4},"end":{"line":166,"column":5}},"71":{"start":{"line":165,"column":6},"end":{"line":165,"column":33}},"72":{"start":{"line":168,"column":2},"end":{"line":173,"column":5}},"73":{"start":{"line":169,"column":4},"end":{"line":169,"column":26}},"74":{"start":{"line":170,"column":4},"end":{"line":172,"column":5}},"75":{"start":{"line":171,"column":6},"end":{"line":171,"column":33}},"76":{"start":{"line":177,"column":0},"end":{"line":183,"column":1}},"77":{"start":{"line":178,"column":2},"end":{"line":178,"column":23}},"78":{"start":{"line":179,"column":2},"end":{"line":179,"column":25}},"79":{"start":{"line":180,"column":2},"end":{"line":182,"column":3}},"80":{"start":{"line":181,"column":6},"end":{"line":181,"column":72}},"81":{"start":{"line":186,"column":0},"end":{"line":197,"column":1}},"82":{"start":{"line":187,"column":2},"end":{"line":187,"column":26}},"83":{"start":{"line":189,"column":2},"end":{"line":191,"column":3}},"84":{"start":{"line":190,"column":4},"end":{"line":190,"column":71}},"85":{"start":{"line":194,"column":2},"end":{"line":196,"column":3}},"86":{"start":{"line":195,"column":4},"end":{"line":195,"column":26}},"87":{"start":{"line":200,"column":0},"end":{"line":207,"column":1}},"88":{"start":{"line":201,"column":2},"end":{"line":201,"column":44}},"89":{"start":{"line":202,"column":2},"end":{"line":202,"column":44}},"90":{"start":{"line":203,"column":2},"end":{"line":206,"column":4}},"91":{"start":{"line":210,"column":0},"end":{"line":223,"column":1}},"92":{"start":{"line":211,"column":2},"end":{"line":211,"column":76}},"93":{"start":{"line":212,"column":2},"end":{"line":214,"column":3}},"94":{"start":{"line":213,"column":4},"end":{"line":213,"column":16}},"95":{"start":{"line":215,"column":2},"end":{"line":215,"column":32}},"96":{"start":{"line":216,"column":2},"end":{"line":216,"column":50}},"97":{"start":{"line":217,"column":2},"end":{"line":222,"column":4}},"98":{"start":{"line":227,"column":0},"end":{"line":250,"column":1}},"99":{"start":{"line":228,"column":2},"end":{"line":248,"column":3}},"100":{"start":{"line":229,"column":4},"end":{"line":229,"column":60}},"101":{"start":{"line":231,"column":4},"end":{"line":231,"column":34}},"102":{"start":{"line":232,"column":4},"end":{"line":232,"column":26}},"103":{"start":{"line":233,"column":4},"end":{"line":233,"column":45}},"104":{"start":{"line":234,"column":4},"end":{"line":245,"column":5}},"105":{"start":{"line":235,"column":6},"end":{"line":235,"column":35}},"106":{"start":{"line":236,"column":6},"end":{"line":244,"column":7}},"107":{"start":{"line":237,"column":8},"end":{"line":237,"column":25}},"108":{"start":{"line":239,"column":8},"end":{"line":241,"column":9}},"109":{"start":{"line":240,"column":10},"end":{"line":240,"column":68}},"110":{"start":{"line":242,"column":8},"end":{"line":242,"column":70}},"111":{"start":{"line":243,"column":8},"end":{"line":243,"column":26}},"112":{"start":{"line":246,"column":4},"end":{"line":246,"column":39}},"113":{"start":{"line":247,"column":4},"end":{"line":247,"column":56}},"114":{"start":{"line":249,"column":2},"end":{"line":249,"column":20}},"115":{"start":{"line":253,"column":0},"end":{"line":259,"column":1}},"116":{"start":{"line":254,"column":2},"end":{"line":254,"column":32}},"117":{"start":{"line":255,"column":2},"end":{"line":257,"column":3}},"118":{"start":{"line":255,"column":26},"end":{"line":257,"column":3}},"119":{"start":{"line":256,"column":4},"end":{"line":256,"column":69}},"120":{"start":{"line":258,"column":2},"end":{"line":258,"column":25}},"121":{"start":{"line":262,"column":0},"end":{"line":264,"column":1}},"122":{"start":{"line":263,"column":2},"end":{"line":263,"column":39}},"123":{"start":{"line":267,"column":0},"end":{"line":269,"column":1}},"124":{"start":{"line":268,"column":2},"end":{"line":268,"column":34}},"125":{"start":{"line":272,"column":0},"end":{"line":282,"column":1}},"126":{"start":{"line":273,"column":2},"end":{"line":281,"column":3}},"127":{"start":{"line":274,"column":4},"end":{"line":274,"column":10}},"128":{"start":{"line":275,"column":4},"end":{"line":277,"column":5}},"129":{"start":{"line":276,"column":6},"end":{"line":276,"column":50}},"130":{"start":{"line":278,"column":4},"end":{"line":278,"column":57}},"131":{"start":{"line":280,"column":4},"end":{"line":280,"column":54}},"132":{"start":{"line":286,"column":0},"end":{"line":298,"column":1}},"133":{"start":{"line":287,"column":2},"end":{"line":287,"column":8}},"134":{"start":{"line":288,"column":2},"end":{"line":297,"column":3}},"135":{"start":{"line":289,"column":4},"end":{"line":289,"column":30}},"136":{"start":{"line":290,"column":4},"end":{"line":296,"column":5}},"137":{"start":{"line":291,"column":6},"end":{"line":291,"column":53}},"138":{"start":{"line":292,"column":6},"end":{"line":292,"column":49}},"139":{"start":{"line":293,"column":6},"end":{"line":293,"column":40}},"140":{"start":{"line":295,"column":6},"end":{"line":295,"column":35}},"141":{"start":{"line":301,"column":0},"end":{"line":328,"column":1}},"142":{"start":{"line":302,"column":2},"end":{"line":324,"column":3}},"143":{"start":{"line":303,"column":4},"end":{"line":303,"column":42}},"144":{"start":{"line":304,"column":4},"end":{"line":320,"column":5}},"145":{"start":{"line":305,"column":6},"end":{"line":305,"column":49}},"146":{"start":{"line":307,"column":6},"end":{"line":307,"column":26}},"147":{"start":{"line":308,"column":6},"end":{"line":316,"column":7}},"148":{"start":{"line":309,"column":8},"end":{"line":315,"column":9}},"149":{"start":{"line":310,"column":10},"end":{"line":314,"column":11}},"150":{"start":{"line":311,"column":12},"end":{"line":311,"column":27}},"151":{"start":{"line":313,"column":12},"end":{"line":313,"column":58}},"152":{"start":{"line":317,"column":6},"end":{"line":319,"column":7}},"153":{"start":{"line":318,"column":8},"end":{"line":318,"column":43}},"154":{"start":{"line":322,"column":4},"end":{"line":322,"column":42}},"155":{"start":{"line":323,"column":4},"end":{"line":323,"column":33}},"156":{"start":{"line":325,"column":2},"end":{"line":327,"column":3}},"157":{"start":{"line":326,"column":4},"end":{"line":326,"column":29}},"158":{"start":{"line":332,"column":0},"end":{"line":546,"column":1}},"159":{"start":{"line":333,"column":2},"end":{"line":333,"column":18}},"160":{"start":{"line":334,"column":2},"end":{"line":334,"column":38}},"161":{"start":{"line":335,"column":2},"end":{"line":335,"column":21}},"162":{"start":{"line":336,"column":2},"end":{"line":336,"column":26}},"163":{"start":{"line":337,"column":2},"end":{"line":337,"column":17}},"164":{"start":{"line":338,"column":2},"end":{"line":338,"column":17}},"165":{"start":{"line":339,"column":2},"end":{"line":346,"column":4}},"166":{"start":{"line":347,"column":2},"end":{"line":347,"column":20}},"167":{"start":{"line":348,"column":2},"end":{"line":348,"column":32}},"168":{"start":{"line":353,"column":2},"end":{"line":395,"column":5}},"169":{"start":{"line":354,"column":4},"end":{"line":354,"column":42}},"170":{"start":{"line":355,"column":4},"end":{"line":355,"column":21}},"171":{"start":{"line":356,"column":4},"end":{"line":356,"column":36}},"172":{"start":{"line":357,"column":4},"end":{"line":357,"column":46}},"173":{"start":{"line":358,"column":4},"end":{"line":362,"column":6}},"174":{"start":{"line":363,"column":4},"end":{"line":363,"column":30}},"175":{"start":{"line":364,"column":4},"end":{"line":371,"column":6}},"176":{"start":{"line":372,"column":4},"end":{"line":372,"column":26}},"177":{"start":{"line":373,"column":4},"end":{"line":373,"column":46}},"178":{"start":{"line":374,"column":4},"end":{"line":376,"column":5}},"179":{"start":{"line":375,"column":6},"end":{"line":375,"column":29}},"180":{"start":{"line":377,"column":4},"end":{"line":377,"column":25}},"181":{"start":{"line":378,"column":4},"end":{"line":378,"column":33}},"182":{"start":{"line":379,"column":4},"end":{"line":391,"column":5}},"183":{"start":{"line":380,"column":6},"end":{"line":380,"column":20}},"184":{"start":{"line":381,"column":6},"end":{"line":387,"column":7}},"185":{"start":{"line":382,"column":8},"end":{"line":382,"column":33}},"186":{"start":{"line":383,"column":8},"end":{"line":383,"column":32}},"187":{"start":{"line":385,"column":8},"end":{"line":385,"column":30}},"188":{"start":{"line":386,"column":8},"end":{"line":386,"column":33}},"189":{"start":{"line":389,"column":6},"end":{"line":389,"column":29}},"190":{"start":{"line":390,"column":6},"end":{"line":390,"column":30}},"191":{"start":{"line":392,"column":4},"end":{"line":394,"column":5}},"192":{"start":{"line":393,"column":6},"end":{"line":393,"column":44}},"193":{"start":{"line":401,"column":2},"end":{"line":443,"column":5}},"194":{"start":{"line":402,"column":4},"end":{"line":402,"column":34}},"195":{"start":{"line":403,"column":4},"end":{"line":403,"column":27}},"196":{"start":{"line":404,"column":4},"end":{"line":404,"column":31}},"197":{"start":{"line":405,"column":4},"end":{"line":405,"column":29}},"198":{"start":{"line":406,"column":4},"end":{"line":406,"column":25}},"199":{"start":{"line":407,"column":4},"end":{"line":409,"column":5}},"200":{"start":{"line":408,"column":6},"end":{"line":408,"column":16}},"201":{"start":{"line":410,"column":4},"end":{"line":410,"column":29}},"202":{"start":{"line":411,"column":4},"end":{"line":411,"column":22}},"203":{"start":{"line":412,"column":4},"end":{"line":412,"column":21}},"204":{"start":{"line":413,"column":4},"end":{"line":413,"column":25}},"205":{"start":{"line":414,"column":4},"end":{"line":414,"column":25}},"206":{"start":{"line":415,"column":4},"end":{"line":415,"column":22}},"207":{"start":{"line":416,"column":4},"end":{"line":420,"column":5}},"208":{"start":{"line":417,"column":6},"end":{"line":417,"column":17}},"209":{"start":{"line":418,"column":11},"end":{"line":420,"column":5}},"210":{"start":{"line":419,"column":6},"end":{"line":419,"column":23}},"211":{"start":{"line":421,"column":4},"end":{"line":423,"column":5}},"212":{"start":{"line":422,"column":6},"end":{"line":422,"column":27}},"213":{"start":{"line":424,"column":4},"end":{"line":426,"column":5}},"214":{"start":{"line":425,"column":6},"end":{"line":425,"column":27}},"215":{"start":{"line":427,"column":4},"end":{"line":427,"column":29}},"216":{"start":{"line":428,"column":4},"end":{"line":433,"column":5}},"217":{"start":{"line":429,"column":6},"end":{"line":429,"column":41}},"218":{"start":{"line":430,"column":6},"end":{"line":430,"column":44}},"219":{"start":{"line":432,"column":6},"end":{"line":432,"column":31}},"220":{"start":{"line":434,"column":4},"end":{"line":434,"column":45}},"221":{"start":{"line":435,"column":4},"end":{"line":437,"column":5}},"222":{"start":{"line":436,"column":6},"end":{"line":436,"column":39}},"223":{"start":{"line":438,"column":4},"end":{"line":440,"column":5}},"224":{"start":{"line":439,"column":6},"end":{"line":439,"column":31}},"225":{"start":{"line":441,"column":4},"end":{"line":441,"column":16}},"226":{"start":{"line":442,"column":4},"end":{"line":442,"column":33}},"227":{"start":{"line":447,"column":2},"end":{"line":498,"column":5}},"228":{"start":{"line":448,"column":4},"end":{"line":448,"column":30}},"229":{"start":{"line":449,"column":4},"end":{"line":449,"column":57}},"230":{"start":{"line":450,"column":4},"end":{"line":452,"column":5}},"231":{"start":{"line":451,"column":6},"end":{"line":451,"column":32}},"232":{"start":{"line":453,"column":4},"end":{"line":496,"column":5}},"233":{"start":{"line":454,"column":8},"end":{"line":454,"column":48}},"234":{"start":{"line":455,"column":8},"end":{"line":455,"column":53}},"235":{"start":{"line":456,"column":8},"end":{"line":456,"column":59}},"236":{"start":{"line":457,"column":8},"end":{"line":457,"column":53}},"237":{"start":{"line":458,"column":8},"end":{"line":458,"column":56}},"238":{"start":{"line":459,"column":8},"end":{"line":489,"column":9}},"239":{"start":{"line":462,"column":12},"end":{"line":464,"column":13}},"240":{"start":{"line":463,"column":14},"end":{"line":463,"column":41}},"241":{"start":{"line":465,"column":12},"end":{"line":465,"column":18}},"242":{"start":{"line":469,"column":12},"end":{"line":478,"column":13}},"243":{"start":{"line":470,"column":14},"end":{"line":470,"column":29}},"244":{"start":{"line":472,"column":14},"end":{"line":474,"column":15}},"245":{"start":{"line":473,"column":16},"end":{"line":473,"column":37}},"246":{"start":{"line":475,"column":14},"end":{"line":477,"column":15}},"247":{"start":{"line":476,"column":16},"end":{"line":476,"column":31}},"248":{"start":{"line":479,"column":12},"end":{"line":479,"column":18}},"249":{"start":{"line":484,"column":12},"end":{"line":487,"column":13}},"250":{"start":{"line":485,"column":14},"end":{"line":485,"column":35}},"251":{"start":{"line":486,"column":14},"end":{"line":486,"column":29}},"252":{"start":{"line":488,"column":12},"end":{"line":488,"column":18}},"253":{"start":{"line":490,"column":8},"end":{"line":490,"column":61}},"254":{"start":{"line":491,"column":8},"end":{"line":495,"column":9}},"255":{"start":{"line":492,"column":10},"end":{"line":494,"column":11}},"256":{"start":{"line":493,"column":12},"end":{"line":493,"column":46}},"257":{"start":{"line":497,"column":4},"end":{"line":497,"column":26}},"258":{"start":{"line":504,"column":2},"end":{"line":504,"column":19}},"259":{"start":{"line":505,"column":2},"end":{"line":505,"column":26}},"260":{"start":{"line":509,"column":2},"end":{"line":516,"column":3}},"261":{"start":{"line":510,"column":4},"end":{"line":512,"column":5}},"262":{"start":{"line":511,"column":6},"end":{"line":511,"column":41}},"263":{"start":{"line":513,"column":4},"end":{"line":515,"column":5}},"264":{"start":{"line":514,"column":6},"end":{"line":514,"column":91}},"265":{"start":{"line":519,"column":2},"end":{"line":537,"column":5}},"266":{"start":{"line":520,"column":4},"end":{"line":536,"column":5}},"267":{"start":{"line":521,"column":6},"end":{"line":521,"column":23}},"268":{"start":{"line":526,"column":6},"end":{"line":526,"column":32}},"269":{"start":{"line":527,"column":6},"end":{"line":527,"column":33}},"270":{"start":{"line":528,"column":6},"end":{"line":535,"column":7}},"271":{"start":{"line":529,"column":8},"end":{"line":529,"column":79}},"272":{"start":{"line":530,"column":8},"end":{"line":530,"column":55}},"273":{"start":{"line":531,"column":8},"end":{"line":531,"column":52}},"274":{"start":{"line":532,"column":8},"end":{"line":534,"column":9}},"275":{"start":{"line":533,"column":10},"end":{"line":533,"column":40}},"276":{"start":{"line":540,"column":2},"end":{"line":545,"column":5}},"277":{"start":{"line":541,"column":4},"end":{"line":543,"column":5}},"278":{"start":{"line":542,"column":6},"end":{"line":542,"column":91}},"279":{"start":{"line":544,"column":4},"end":{"line":544,"column":21}}},"branchMap":{"1":{"line":12,"type":"if","locations":[{"start":{"line":12,"column":23},"end":{"line":12,"column":23}},{"start":{"line":12,"column":23},"end":{"line":12,"column":23}}]},"2":{"line":65,"type":"binary-expr","locations":[{"start":{"line":65,"column":19},"end":{"line":65,"column":27}},{"start":{"line":65,"column":31},"end":{"line":65,"column":35}}]},"3":{"line":78,"type":"if","locations":[{"start":{"line":78,"column":2},"end":{"line":78,"column":2}},{"start":{"line":78,"column":2},"end":{"line":78,"column":2}}]},"4":{"line":78,"type":"binary-expr","locations":[{"start":{"line":78,"column":6},"end":{"line":78,"column":14}},{"start":{"line":78,"column":18},"end":{"line":78,"column":45}}]},"5":{"line":114,"type":"if","locations":[{"start":{"line":114,"column":2},"end":{"line":114,"column":2}},{"start":{"line":114,"column":2},"end":{"line":114,"column":2}}]},"6":{"line":120,"type":"if","locations":[{"start":{"line":120,"column":4},"end":{"line":120,"column":4}},{"start":{"line":120,"column":4},"end":{"line":120,"column":4}}]},"7":{"line":126,"type":"if","locations":[{"start":{"line":126,"column":8},"end":{"line":126,"column":8}},{"start":{"line":126,"column":8},"end":{"line":126,"column":8}}]},"8":{"line":126,"type":"binary-expr","locations":[{"start":{"line":126,"column":12},"end":{"line":126,"column":32}},{"start":{"line":126,"column":36},"end":{"line":126,"column":50}}]},"9":{"line":138,"type":"if","locations":[{"start":{"line":138,"column":4},"end":{"line":138,"column":4}},{"start":{"line":138,"column":4},"end":{"line":138,"column":4}}]},"10":{"line":164,"type":"if","locations":[{"start":{"line":164,"column":4},"end":{"line":164,"column":4}},{"start":{"line":164,"column":4},"end":{"line":164,"column":4}}]},"11":{"line":170,"type":"if","locations":[{"start":{"line":170,"column":4},"end":{"line":170,"column":4}},{"start":{"line":170,"column":4},"end":{"line":170,"column":4}}]},"12":{"line":180,"type":"if","locations":[{"start":{"line":180,"column":2},"end":{"line":180,"column":2}},{"start":{"line":180,"column":2},"end":{"line":180,"column":2}}]},"13":{"line":189,"type":"if","locations":[{"start":{"line":189,"column":2},"end":{"line":189,"column":2}},{"start":{"line":189,"column":2},"end":{"line":189,"column":2}}]},"14":{"line":194,"type":"if","locations":[{"start":{"line":194,"column":2},"end":{"line":194,"column":2}},{"start":{"line":194,"column":2},"end":{"line":194,"column":2}}]},"15":{"line":202,"type":"cond-expr","locations":[{"start":{"line":202,"column":23},"end":{"line":202,"column":38}},{"start":{"line":202,"column":41},"end":{"line":202,"column":43}}]},"16":{"line":205,"type":"binary-expr","locations":[{"start":{"line":205,"column":11},"end":{"line":205,"column":16}},{"start":{"line":205,"column":20},"end":{"line":205,"column":22}}]},"17":{"line":212,"type":"if","locations":[{"start":{"line":212,"column":2},"end":{"line":212,"column":2}},{"start":{"line":212,"column":2},"end":{"line":212,"column":2}}]},"18":{"line":220,"type":
[...]
;","      container[container.length - 1] = val;","    } else {","      prev.element[name] = val;","    }","    fa.leave([element, curr.context, trace]);","    if (self._preserveLevel > 0) {","      prev.element.$children.push(val);","    }","    if (self._bufferLevel === 0 && self._emitData) {","      emitEnd.call(self, name);","    }","    curr = prev;","    this._collect = curr.collect;","  });","","  // Collect node text part by part","  // (and trim leading and trailing whitespace).","  xml.on('text', function(text) {","    curr.element.$text = text;","    fa.run('state', [curr.element, curr.context, trace]);","    if (self._bufferLevel === 0 && self._emitData) {","      emitText.call(self, text);","    }","    if (!self._preserveAll) {","        var trimmed = curr.element.$text.trim();","        var spaced = curr.element.$text.substr(0, 1);","        spaced = (spaced !== '') && (spaced.trim() === '');","        var after = curr.element.$text.substr(-1, 1);","        after = (after !== '') && (after.trim() === '');","        switch (curr.space) {","          // No words yet (pass through spaces).","          case 0:","            if (trimmed !== '') {","              curr.space = after ? 2 : 1;","            }","            break;","","          // Immediately after text or entity.","          case 1:","            if (trimmed === '') {","              curr.space = 2;","            } else {","              if (spaced) {","                curr.fullText += ' ';","              }","              if (after) {","                curr.space = 2;","              }","            }","            break;","","          // Some words were emitted, pass through spaces again.","          // Emit spaces only when a word is encountered afterwards.","          case 2:","            if (trimmed !== '') {","              curr.fullText += ' ';","              curr.space = 1;","            }","            break;","        }","        text = self._preserveWhitespace > 0 ? text : trimmed;","        if (self._preserveLevel > 0) {","          if (text !== '') {","            curr.element.$children.push(text);","          }","        }","    }","    curr.fullText += text;","  });","","","  // This prelude array and string are used during encoding detection.","  // Incoming buffers are collected and parsing is postponed,","  // but only until the first tag.","  var prelude = '';","  var preludeBuffers = [];","","  // Parse incoming chunk.","  // Convert to UTF-8 or emit errors when appropriate.","  var parseChunk = function(data) {","    if (self._encoder) {","      data = self._encoder.convert(data);","    }","    if (!xml.parse(data, false)) {","      self.emit('error', new Error(xml.getError()+\" in line \"+xml.getCurrentLineNumber()));","    }","  }","","  // Pass data from stream to parser.","  this._stream.on('data', function(data) {","    if (self._encoding) {","      parseChunk(data);","    } else {","      // We can't parse when the encoding is unknown, so we'll look into","      // the XML declaration, if there is one. For this, we need to buffer","      // incoming data until a full tag is received.","      preludeBuffers.push(data);","      prelude += data.toString();","      if (/^\\s*<[^>]+>/.test(prelude)) {","        var matches = prelude.match(/^\\s*<\\?xml[^>]+encoding=\"(.+?)\"[^>]*\\?>/);","        self._encoding = matches ? matches[1] : 'utf8';","        self._encoder = makeEncoder(self._encoding);","        for (var i = 0, n = preludeBuffers.length; i < n; i++) {","          parseChunk(preludeBuffers[i]);","        }","      }","    }","  });","","  // End parsing on stream EOF and emit an *end* event ourselves.","  this._stream.on('end', function() {","    if (!xml.parse('', true)) {","      self.emit('error', new Error(xml.getError()+\" in line \"+xml.getCurrentLineNumber()));","    }","    self.emit('end');","  });","}",""],"l":{"1":1,"8":1,"11":1,"12":0,"13":0,"15":0,"19":1,"28":1,"29":0,"30":0,"35":1,"42":1,"47":1,"48":0,"49":0,"50":0,"51":0,"52":0,"53":0,"54":0,"55":0,"56":0,"57":0,"58":0,"59":0,"60":0,"65":0,"66":0,"68":0,"71":0,"72":0,"77":1,"78":0,"79":0,"81":0,"85":1,"86":1,"112":1,"113":0,"114":0,"117":0,"118":0,"119":0,"120":0,"121":0,"122":0,"124":0,"125":0,"126":0,"127":0,"131":0,"132":0,"134":0,"138":0,"139":0,"141":0,"147":1,"148":0,"149":0,"150":0,"151":0,"152":0,"158":1,"159":0,"160":0,"161":0,"162":0,"163":0,"164":0,"165":0,"168":0,"169":0,"170":0,"171":0,"177":1,"178":0,"179":0,"180":0,"181":0,"186":1,"187":0,"189":0,"190":0,"194":0,"195":0,"200":1,"201":0,"202":0,"203":0,"210":1,"211":0,"212":0,"213":0,"215":0,"216":0,"217":0,"227":1,"228":0,"229":0,"231":0,"232":0,"233":0,"234":0,"235":0,"236":0,"237":0,"239":0,"240":0,"242":0,"243":0,"246":0,"247":0,"249":0,"253":1,"254":0,"255":0,"256":0,"258":0,"262":1,"263":0,"267":1,"268":0,"272":1,"273":0,"274":0,"275":0,"276":0,"278":0,"280":0,"286":1,"287":0,"288":0,"289":0,"290":0,"291":0,"292":0,"293":0,"295":0,"301":1,"302":0,"303":0,"304":0,"305":0,"307":0,"308":0,"309":0,"310":0,"311":0,"313":0,"317":0,"318":0,"322":0,"323":0,"325":0,"326":0,"332":1,"333":0,"334":0,"335":0,"336":0,"337":0,"338":0,"339":0,"347":0,"348":0,"353":0,"354":0,"355":0,"356":0,"357":0,"358":0,"363":0,"364":0,"372":0,"373":0,"374":0,"375":0,"377":0,"378":0,"379":0,"380":0,"381":0,"382":0,"383":0,"385":0,"386":0,"389":0,"390":0,"392":0,"393":0,"401":0,"402":0,"403":0,"404":0,"405":0,"406":0,"407":0,"408":0,"410":0,"411":0,"412":0,"413":0,"414":0,"415":0,"416":0,"417":0,"418":0,"419":0,"421":0,"422":0,"424":0,"425":0,"427":0,"428":0,"429":0,"430":0,"432":0,"434":0,"435":0,"436":0,"438":0,"439":0,"441":0,"442":0,"447":0,"448":0,"449":0,"450":0,"451":0,"453":0,"454":0,"455":0,"456":0,"457":0,"458":0,"459":0,"462":0,"463":0,"465":0,"469":0,"470":0,"472":0,"473":0,"475":0,"476":0,"479":0,"484":0,"485":0,"486":0,"488":0,"490":0,"491":0,"492":0,"493":0,"497":0,"504":0,"505":0,"509":0,"510":0,"511":0,"513":0,"514":0,"519":0,"520":0,"521":0,"526":0,"527":0,"528":0,"529":0,"530":0,"531":0,"532":0,"533":0,"540":0,"541":0,"542":0,"544":0}},"/home/travis/build/npmtest/node-npmtest-xml-stream/node_modules/xml-stream/lib/finite-automata.js":{"path":"/home/travis/build/npmtest/node-npmtest-xml-stream/node_modules/xml-stream/lib/finite-automata.js","s":{"1":1,"2":1,"3":0,"4":0,"5":0,"6":0,"7":0,"8":0,"9":0,"10":1,"11":1,"12":0,"13":0,"14":0,"15":1,"16":0,"17":0,"18":0,"19":0,"20":0,"21":0,"22":0,"23":0,"24":1,"25":0,"26":1,"27":0,"28":0,"29":0,"30":0,"31":0,"32":0,"33":0,"34":1,"35":0,"36":0,"37":0,"38":0,"39":1,"40":0,"41":0,"42":0,"43":0,"44":0,"45":0,"46":0,"47":0,"48":0,"49":0,"50":1,"51":0,"52":0,"53":0,"54":1,"55":0,"56":0,"57":0,"58":0,"59":1,"60":0,"61":0,"62":0,"63":0,"64":0,"65":0,"66":0,"67":0,"68":1,"69":0,"70":1,"71":0,"72":0,"73":0,"74":0,"75":0,"76":0,"77":0,"78":0,"79":0,"80":0,"81":0,"82":0,"83":0},"b":{"1":[0,0],"2":[0,0],"3":[0,0],"4":[0,0],"5":[0,0],"6":[0,0],"7":[0,0],"8":[0,0],"9":[0,0],"10":[0,0],"11":[0,0],"12":[0,0],"13":[0,0]},"f":{"1":0,"2":0,"3":0,"4":0,"5":0,"6":0,"7":0,"8":0,"9":0,"10":0,"11":0,"12":0},"fnMap":{"1":{"name":"FiniteAutomata","line":2,"loc":{"start":{"line":2,"column":0},"end":{"line":2,"column":26}}},"2":{"name":"extend","line":19,"loc":{"start":{"line":19,"column":0},"end":{"line":19,"column":32}}},"3":{"name":"run","line":25,"loc":{"start":{"line":25,"column":0},"end":{"line":25,"column":25}}},"4":{"name":"(anonymous_4)","line":38,"loc":{"start":{"line":38,"column":43},"end":{"line":38,"column":54}}},"5":{"name":"(anonymous_5)","line":42,"loc":{"start":{"line":42,"column":30},"end":{"line":42,"column":56}}},"6":{"name":"(anonymous_6)","line":54,"loc":{"start":{"line":54,"column":36},"end":{"line":54,"column":58}}},"7":{"name":"(anonymous_7)","line":61,"loc":{"start":{"line":61,"column":37},"end":{"line":61,"column":54}}},"8":{"name":"(anonymous_8)","line":77,"loc":{"start":{"line":77,"column":30},"end":{"line":77,"column":53}}},"9":{"name":"(anonymous_9)","line":83,"loc":{"start":{"line":83,"column":33},"end":{"line":83,"column":48}}},"10":{"name":"(anonymous_10)","line":90,"loc":{"start":{"line":90,"column":33},"end":{"line":90,"column":56}}},"11":{"name":"(anonymous_11)","line":102,"loc":{"start":{"line":102,"column":31},"end":{"line":102,"column":53}}},"12":{"name":"(anonymous_12)","line":106,"loc":{"start":{"line":106,"column":38},"end":{"line":106,"column":75}}}},"statementMap":{"1":{"start":{"line":1,"column":0},"end":{"line":1,"column":32}},"2":{"start":{"line":2,"column":0},"end":{"line":15,"column":1}},"3":{"start":{"line":3,"column":2},"end":{"line":3,"column":21}},"4":{"start":{"line":4,"column":2},"end":{"line":4,"column":20}},"5":{"start":{"line":5,"column":2},"end":{"line":5,"column":29}},"6":{"start":{"line":6,"column":2},"end":{"line":6,"column":19}},"7":{"start":{"line":7,"column":2},"end":{"line":12,"column":4}},"8":{"start":{"line":13,"column":2},"end":{"line":13,"column":19}},"9":{"start":{"line":14,"column":2},"end":{"line":14,"column":22}},"10":{"start":{"line":17,"column":0},"end":{"line":17,"column":44}},"11":{"start":{"line":19,"column":0},"end":{"line":23,"column":1}},"12":{"start":{"line":20,"column":2},"end":{"line":22,"column":3}},"13":{"start":{"line":20,"column":26},"end":{"line":22,"column":3}},"14":{"start":{"line":21,"column":4},"end":{"line":21,"column":30}},"15":{"start":{"line":25,"column":0},"end":{"line":36,"column":1}},"16":{"start":{"line":26,"column":2},"end":{"line":26,"column":34}},"17":{"start":{"line":27,"column":2},"end":{"line":35,"column":3}},"18":{"start":{"line":27,"column":30},"end":{"line":35,"column":3}},"19":{"start":{"line":28,"column":4},"end":{"line":34,"column":5}},"20":{"start":{"line":29,"column":6},"end":{"line":29,"column":34}},"21":{"start":{"line":30,"column":6},"end":{"line":30,"column":27}},"22":{"start":{"line":31,"column":6},"end":{"line":33,"column":7}},"23":{"start":{"line":32,"column":8},"end":{"line":32,"column":38}},"24":{"start":{"line":38,"column":0},"end":{"line":40,"column":2}},"25":{"start":{"line":39,"column":2},"end":{"line":39,"column":29}},"26":{"start":{"line":42,"column":0},"end":{"line":52,"column":2}},"27":{"start":{"line":43,"column":2},"end":{"line":45,"column":3}},"28":{"start":{"line":44,"column":4},"end":{"line":44,"column":31}},"29":{"start":{"line":46,"column":2},"end":{"line":46,"column":38}},"30":{"start":{"line":47,"column":2},"end":{"line":49,"column":3}},"31":{"start":{"line":48,"column":4},"end":{"line":48,"column":24}},"32":{"start":{"line":50,"column":2},"end":{"line":50,"column":26}},"33":{"start":{"line":51,"column":2},"end":{"line":51,"column":14}},"34":{"start":{"line":54,"column":0},"end":{"line":59,"column":2}},"35":{"start":{"line":55,"column":2},"end":{"line":55,"column":22}},"36":{"start":{"line":56,"column":2},"end":{"line":56,"column":32}},"37":{"start":{"line":57,"column":2},"end":{"line":57,"column":32}},"38":{"start":{"line":58,"column":2},"end":{"line":58,"column":14}},"39":{"start":{"line":61,"column":0},"end":{"line":75,"column":2}},"40":{"start":{"line":62,"column":2},"end":{"line":62,"column":20}},"41":{"start":{"line":63,"column":2},"end":{"line":73,"column":3}},"42":{"start":{"line":63,"column":30},"end":{"line":73,"column":3}},"43":{"start":{"line":64,"column":4},"end":{"line":72,"column":5}},"44":{"start":{"line":65,"column":6},"end":{"line":65,"column":34}},"45":{"start":{"line":66,"column":6},"end":{"line":68,"column":7}},"46":{"start":{"line":67,"column":8},"end":{"line":67,"column":39}},"47":{"start":{"line":69,"column":6},"end":{"line":71,"column":7}},"48":{"start":{"line":70,"column":8},"end":{"line":70,"column":37}},"49":{"start":{"line":74,"column":2},"end":{"line":74,"column":18}},"50":{"start":{"line":77,"column":0},"end":{"line":81,"column":2}},"51":{"start":{"line":78,"column":2},"end":{"line":78,"column":35}},"52":{"start":{"line":79,"column":2},"end":{"line":79,"column":28}},"53":{"start":{"line":80,"column":2},"end":{"line":80,"column":14}},"54":{"start":{"line":83,"column":0},"end":{"line":88,"column":2}},"55":{"start":{"line":84,"column":2},"end":{"line":84,"column":42}},"56":{"start":{"line":85,"column":2},"end":{"line":85,"column":32}},"57":{"start":{"line":86,"column":2},"end":{"line":86,"column":46}},"58":{"start":{"line":87,"column":2},"end":{"line":87,"column":14}},"59":{"start":{"line":90,"column":0},"end":{"line":100,"column":2}},"60":{"start":{"line":91,"column":2},"end":{"line":93,"column":3}},"61":{"start":{"line":92,"column":4},"end":{"line":92,"column":14}},"62":{"start":{"line":94,"column":2},"end":{"line":94,"column":36}},"63":{"start":{"line":95,"column":2},"end":{"line":95,"column":39}},"64":{"start":{"line":96,"column":2},"end":{"line":96,"column":21}},"65":{"start":{"line":97,"column":2},"end":{"line":97,"column":25}},"66":{"start":{"line":98,"column":2},"end":{"line":98,"column":32}},"67":{"start":{"line":99,"column":2},"end":{"line":99,"column":14}},"68":{"start":{"line":102,"column":0},"end":{"line":104,"column":2}},"69":{"start":{"line":103,"column":2},"end":{"line":103,"column":30}},"70":{"start":{"line":106,"column":0},"end":{"line":125,"column":2}},"71":{"start":{"line":107,"column":2},"end":{"line":107,"column":31}},"72":{"start":{"line":108,"column":2},"end":{"line":108,"column":8}},"73":{"start":{"line":109,"column":2},"end":{"line":113,"column":3}},"74":{"start":{"line":110,"column":4},"end":{"line":110,"column":32}},"75":{"start":{"line":112,"column":4},"end":{"line":112,"column":37}},"76":{"start":{"line":114,"column":2},"end":{"line":114,"column":37}},"77":{"start":{"line":115,"column":2},"end":{"line":119,"column":3}},"78":{"start":{"line":116,"column":4},"end":{"line":116,"column":18}},"79":{"start":{"line":118,"column":4},"end":{"line":118,"column":23}},"80":{"start":{"line":120,"column":2},"end":{"line":123,"column":3}},"81":{"start":{"line":121,"column":4},"end":{"line":121,"column":22}},"82":{"start":{"line":122,"column":4},"end":{"line":122,"column":35}},"83":{"start":{"line":124,"column":2},"end":{"line":124,"column":14}}},"branchMap":{"1":{"line":20,"type":"if","locations":[{"start":{"line":20,"column":26},"end":{"line":20,"column":26}},{"start":{"line":20,"column":26},"end":{"line":20,"column":26}}]},"2":{"line":27,"type":"if","locations":[{"start":{"line":27,"column":30},"end":{"line":27,"column":30}},{"start":{"line":27,"column":30},"end":{"line":27,"column":30}}]},"3":{"line":28,"type":"if","locations":[{"start":{"line":28,"column":4},"end":{"line":28,"column":4}},{"start":{"line":28,"column":4},"end":{"line":28,"column":4}}]},"4":{"line":43,"type":"if","locations":[{"start":{"line":43,"column":2},"end":{"line":43,"column":2}},{"start":{"line":43,"column":2},"end":{"line":43,"column":2}}]},"5":{"line":47,"type":"if","locations":[{"start":{"line":47,"column":2},"end":{"line":47,"column":2}},{"start":{"line":47,"column":2},"end":{"line":47,"column":2}}]},"6":{"line":63,"type":"if","locations":[{"start":{"line":63,"column":30},"end":{"line":63,"column":30}},{"start":{"line":63,"column":30},"end":{"line":63,"column":30}}]},"7":{"line":64,"type":"if","locations":[{"start":{"line":64,"column":4},"end":{"line":64,"column":4}},{"start":{"line":64,"column":4},"end":{"line":64,"column":4}}]},"8":{"line":66,"type":"if","locations":[{"start":{"line":66,"column":6},"end":{"line":66,"column":6}},{"start":{"line":66,"column":6},"end":{"line":66,"column":6}}]},"9":{"line":69,"type":"if","locations":[{"start":{"line":69,"column":6},"end":{"line":69,"column":6}},{"start":{"line":69,"column":6},"end":{"line":69,"column":6}}]},"10":{"line":91,"type":"if","locations":[{"start":{"line":91,"column":2},"end":{"line":91,"column":2}},{"start":{"line":91,"column":2},"end":{"line":91,"column":2}}]},"11":{"line":109,"type":"if","locations":[{"start":{"line":109,"column":2},"end":{"line":109,"column":2}},{"start":{"line":109,"column":2},"end":{"line":109,"column":2}}]},"12":{"line":115,"type":"if","locations":[{"start":{"line":115,"column":2},"end":{"line":115,"column":2}},{"start":{"line":115,"column":2},"end":{"line":115,"column":2}}]},"13":{"line":120,"type":"if","locations":[{"start":{"line":120,"column":2},"end":{"line":120,"column":2}},{"start":{"line":120,"column":2},"end":{"line":120,"column":2}}]}},"code":["module.exports = FiniteAutomata;","function FiniteAutomata() {","  this._symbols = {};","  this._states = {};","  this._deterministic = true;","  this._state = {};","  this._callbacks = {","    enter: {},","    leave: {},","    state: {},","    flag: {}","  };","  this._stack = [];","  this._stackPtr = -1;","}","","var __own = Object.prototype.hasOwnProperty;","","function extend(target, source) {","  for (var key in source) if (__own.call(source, key)) {","    target[key] = source[key];","  }","}","","function run(type, args) {","  var cbs = this._callbacks[type];","  for (var cb in this._state) if (__own.call(this._state, cb)) {","    if (__own.call(cbs, cb)) {","      var length = cbs[cb].length;","      var cbList = cbs[cb];","      for (var i = 0; i < length; i++) {","        cbList[i].apply(global, args);","      }","    }","  }","}","","FiniteAutomata.prototype.isDeterministic = function() {","  return this._deterministic;","};","","FiniteAutomata.prototype.on = function(type, state, cb) {","  if (!__own.call(this._callbacks, type)) {","    this._callbacks[type] = {};","  }","  var typeCbs = this._callbacks[type];","  if (!__own.call(typeCbs, state)) {","    typeCbs[state] = [];","  }","  typeCbs[state].push(cb);","  return this;","};","","FiniteAutomata.prototype.setState = function(state, args) {","  this._state = state;","  run.call(this, 'enter', args);","  run.call(this, 'state', args);","  return this;","};","","FiniteAutomata.prototype.nextState = function(symbol) {","  var newState = {};","  for (var st in this._state) if (__own.call(this._state, st)) {","    if (__own.call(this._states, st)) {","      var next = this._states[st];","      if (__own.call(next, symbol)) {","        extend(newState, next[symbol]);","      }","      if (__own.call(next, '')) {","        extend(newState, (next['']));","      }","    }","  }","  return newState;","};","","FiniteAutomata.prototype.go = function(symbol, args) {","  var next = this.nextState(symbol)","  this.setState(next, args);","  return this;","};","","FiniteAutomata.prototype.leave = function(args) {","  this._stack[this._stackPtr] = undefined;","  run.call(this, 'leave', args);","  this._state = this._stack[--this._stackPtr];","  return this;","};","","FiniteAutomata.prototype.enter = function(symbol, args) {","  if (args == null) {","    args = [];","  }","  var next = this.nextState(symbol);","  this._stack[++this._stackPtr] = next;","  this._state = next;","  run.call(this, 'flag');","  run.call(this, 'enter', args);","  return this;","};","","FiniteAutomata.prototype.run = function(state, args) {","  run.call(this, state, args);","};","","FiniteAutomata.prototype.transition = function(stateFrom, symbol, stateTo) {","  this._symbols[symbol] = true;","  var s;","  if (__own.call(this._states, stateFrom)) {","    s = this._states[stateFrom];","  } else {","    s = this._states[stateFrom] = {};","  }","  var exists = __own.call(s, symbol);","  if (exists) {","    s = s[symbol];","  } else {","    s = s[symbol] = {};","  }","  if (!__own.call(s, stateTo)) {","    s[stateTo] = true;","    this._deterministic &= !exists;","  }","  return this;","};",""],"l":{"1":1,"2":1,"3":0,"4":0,"5":0,"6":0,"7":0,"13":0,"14":0,"17":1,"19":1,"20":0,"21":0,"25":1,"26":0,"27":0,"28":0,"29":0,"30":0,"31":0,"32":0,"38":1,"39":0,"42":1,"43":0,"44":0,"46":0,"47":0,"48":0,"50":0,"51":0,"54":1,"55":0,"56":0,"57":0,"58":0,"61":1,"62":0,"63":0,"64":0,"65":0,"66":0,"67":0,"69":0,"70":0,"74":0,"77":1,"78":0,"79":0,"80":0,"83":1,"84":0,"85":0,"86":0,"87":0,"90":1,"91":0,"92":0,"94":0,"95":0,"96":0,"97":0,"98":0,"99":0,"102":1,"103":0,"106":1,"107":0,"108":0,"109":0,"110":0,"112":0,"114":0,"115":0,"116":0,"118":0,"120":0,"121":0,"122":0,"124":0}}}